2022-05-05 17:54:05.670 INFO  com.jiawa.wiki.config.WikiApplication                    :55   [32m                  [0;39m Starting WikiApplication using Java 17.0.2 on yangzihaos-MacBook-Pro.local with PID 58851 (/Users/yangzihao/IdeaProjects/wiki/target/classes started by yangzihao in /Users/yangzihao/IdeaProjects/wiki)
2022-05-05 17:54:05.671 INFO  com.jiawa.wiki.config.WikiApplication                    :640  [32m                  [0;39m No active profile set, falling back to 1 default profile: "default"
2022-05-05 17:54:05.940 INFO  o.s.boot.web.embedded.tomcat.TomcatWebServer      :108  [32m                  [0;39m Tomcat initialized with port(s): 8880 (http)
2022-05-05 17:54:05.945 INFO  org.apache.coyote.http11.Http11NioProtocol        :173  [32m                  [0;39m Initializing ProtocolHandler ["http-nio-8880"]
2022-05-05 17:54:05.946 INFO  org.apache.catalina.core.StandardService          :173  [32m                  [0;39m Starting service [Tomcat]
2022-05-05 17:54:05.946 INFO  org.apache.catalina.core.StandardEngine           :173  [32m                  [0;39m Starting Servlet engine: [Apache Tomcat/9.0.62]
2022-05-05 17:54:05.975 INFO  o.a.c.core.ContainerBase.[Tomcat].[localhost].[/] :173  [32m                  [0;39m Initializing Spring embedded WebApplicationContext
2022-05-05 17:54:05.975 INFO  o.s.b.w.s.c.ServletWebServerApplicationContext    :290  [32m                  [0;39m Root WebApplicationContext: initialization completed in 290 ms
2022-05-05 17:54:06.076 INFO  org.apache.coyote.http11.Http11NioProtocol        :173  [32m                  [0;39m Starting ProtocolHandler ["http-nio-8880"]
2022-05-05 17:54:06.082 INFO  o.s.boot.web.embedded.tomcat.TomcatWebServer      :220  [32m                  [0;39m Tomcat started on port(s): 8880 (http) with context path ''
2022-05-05 17:54:06.086 INFO  com.jiawa.wiki.config.WikiApplication                    :61   [32m                  [0;39m Started WikiApplication in 0.547 seconds (JVM running for 0.875)
2022-05-05 17:54:06.087 INFO  com.jiawa.wiki.config.WikiApplication                    :22   [32m                  [0;39m 启动成功！！
2022-05-05 17:54:06.087 INFO  com.jiawa.wiki.config.WikiApplication                    :23   [32m                  [0;39m 地址: 	http://127.0.0.1:8880
2022-05-05 18:11:18.994 INFO  com.jiawa.wiki.config.WikiApplication                    :55   [32m                  [0;39m Starting WikiApplication using Java 17.0.2 on yangzihaos-MacBook-Pro.local with PID 77268 (/Users/yangzihao/IdeaProjects/wiki/target/classes started by yangzihao in /Users/yangzihao/IdeaProjects/wiki)
2022-05-05 18:11:18.995 INFO  com.jiawa.wiki.config.WikiApplication                    :640  [32m                  [0;39m No active profile set, falling back to 1 default profile: "default"
2022-05-05 18:11:19.261 INFO  o.s.boot.web.embedded.tomcat.TomcatWebServer      :108  [32m                  [0;39m Tomcat initialized with port(s): 8880 (http)
2022-05-05 18:11:19.265 INFO  org.apache.coyote.http11.Http11NioProtocol        :173  [32m                  [0;39m Initializing ProtocolHandler ["http-nio-8880"]
2022-05-05 18:11:19.266 INFO  org.apache.catalina.core.StandardService          :173  [32m                  [0;39m Starting service [Tomcat]
2022-05-05 18:11:19.266 INFO  org.apache.catalina.core.StandardEngine           :173  [32m                  [0;39m Starting Servlet engine: [Apache Tomcat/9.0.62]
2022-05-05 18:11:19.294 INFO  o.a.c.core.ContainerBase.[Tomcat].[localhost].[/] :173  [32m                  [0;39m Initializing Spring embedded WebApplicationContext
2022-05-05 18:11:19.294 INFO  o.s.b.w.s.c.ServletWebServerApplicationContext    :290  [32m                  [0;39m Root WebApplicationContext: initialization completed in 285 ms
2022-05-05 18:11:19.397 INFO  org.apache.coyote.http11.Http11NioProtocol        :173  [32m                  [0;39m Starting ProtocolHandler ["http-nio-8880"]
2022-05-05 18:11:19.403 INFO  o.s.boot.web.embedded.tomcat.TomcatWebServer      :220  [32m                  [0;39m Tomcat started on port(s): 8880 (http) with context path ''
2022-05-05 18:11:19.408 INFO  com.jiawa.wiki.config.WikiApplication                    :61   [32m                  [0;39m Started WikiApplication in 0.55 seconds (JVM running for 0.902)
2022-05-05 18:11:19.409 INFO  com.jiawa.wiki.config.WikiApplication                    :22   [32m                  [0;39m 启动成功！！
2022-05-05 18:11:19.409 INFO  com.jiawa.wiki.config.WikiApplication                    :23   [32m                  [0;39m 地址: 	http://127.0.0.1:8880
2022-05-05 18:11:30.619 INFO  com.jiawa.wiki.config.WikiApplication                    :55   [32m                  [0;39m Starting WikiApplication using Java 17.0.2 on yangzihaos-MacBook-Pro.local with PID 77507 (/Users/yangzihao/IdeaProjects/wiki/target/classes started by yangzihao in /Users/yangzihao/IdeaProjects/wiki)
2022-05-05 18:11:30.620 INFO  com.jiawa.wiki.config.WikiApplication                    :640  [32m                  [0;39m No active profile set, falling back to 1 default profile: "default"
2022-05-05 18:11:30.904 INFO  o.s.boot.web.embedded.tomcat.TomcatWebServer      :108  [32m                  [0;39m Tomcat initialized with port(s): 8880 (http)
2022-05-05 18:11:30.908 INFO  org.apache.coyote.http11.Http11NioProtocol        :173  [32m                  [0;39m Initializing ProtocolHandler ["http-nio-8880"]
2022-05-05 18:11:30.908 INFO  org.apache.catalina.core.StandardService          :173  [32m                  [0;39m Starting service [Tomcat]
2022-05-05 18:11:30.908 INFO  org.apache.catalina.core.StandardEngine           :173  [32m                  [0;39m Starting Servlet engine: [Apache Tomcat/9.0.62]
2022-05-05 18:11:30.940 INFO  o.a.c.core.ContainerBase.[Tomcat].[localhost].[/] :173  [32m                  [0;39m Initializing Spring embedded WebApplicationContext
2022-05-05 18:11:30.941 INFO  o.s.b.w.s.c.ServletWebServerApplicationContext    :290  [32m                  [0;39m Root WebApplicationContext: initialization completed in 305 ms
2022-05-05 18:11:31.041 INFO  org.apache.coyote.http11.Http11NioProtocol        :173  [32m                  [0;39m Starting ProtocolHandler ["http-nio-8880"]
2022-05-05 18:11:31.047 INFO  o.s.boot.web.embedded.tomcat.TomcatWebServer      :220  [32m                  [0;39m Tomcat started on port(s): 8880 (http) with context path ''
2022-05-05 18:11:31.051 INFO  com.jiawa.wiki.config.WikiApplication                    :61   [32m                  [0;39m Started WikiApplication in 0.574 seconds (JVM running for 0.753)
2022-05-05 18:11:31.051 INFO  com.jiawa.wiki.config.WikiApplication                    :22   [32m                  [0;39m 启动成功！！
2022-05-05 18:11:31.052 INFO  com.jiawa.wiki.config.WikiApplication                    :23   [32m                  [0;39m 地址: 	http://127.0.0.1:8880
2022-05-05 18:19:09.073 INFO  com.jiawa.wiki.config.WikiApplication                    :55   [32m                  [0;39m Starting WikiApplication using Java 17.0.2 on yangzihaos-MacBook-Pro.local with PID 85763 (/Users/yangzihao/IdeaProjects/wiki/target/classes started by yangzihao in /Users/yangzihao/IdeaProjects/wiki)
2022-05-05 18:19:09.074 INFO  com.jiawa.wiki.config.WikiApplication                    :640  [32m                  [0;39m No active profile set, falling back to 1 default profile: "default"
2022-05-05 18:19:09.341 INFO  o.s.boot.web.embedded.tomcat.TomcatWebServer      :108  [32m                  [0;39m Tomcat initialized with port(s): 8880 (http)
2022-05-05 18:19:09.346 INFO  org.apache.coyote.http11.Http11NioProtocol        :173  [32m                  [0;39m Initializing ProtocolHandler ["http-nio-8880"]
2022-05-05 18:19:09.346 INFO  org.apache.catalina.core.StandardService          :173  [32m                  [0;39m Starting service [Tomcat]
2022-05-05 18:19:09.346 INFO  org.apache.catalina.core.StandardEngine           :173  [32m                  [0;39m Starting Servlet engine: [Apache Tomcat/9.0.62]
2022-05-05 18:19:09.376 INFO  o.a.c.core.ContainerBase.[Tomcat].[localhost].[/] :173  [32m                  [0;39m Initializing Spring embedded WebApplicationContext
2022-05-05 18:19:09.376 INFO  o.s.b.w.s.c.ServletWebServerApplicationContext    :290  [32m                  [0;39m Root WebApplicationContext: initialization completed in 287 ms
2022-05-05 18:19:09.477 INFO  org.apache.coyote.http11.Http11NioProtocol        :173  [32m                  [0;39m Starting ProtocolHandler ["http-nio-8880"]
2022-05-05 18:19:09.483 INFO  o.s.boot.web.embedded.tomcat.TomcatWebServer      :220  [32m                  [0;39m Tomcat started on port(s): 8880 (http) with context path ''
2022-05-05 18:19:09.487 INFO  com.jiawa.wiki.config.WikiApplication                    :61   [32m                  [0;39m Started WikiApplication in 0.557 seconds (JVM running for 0.879)
2022-05-05 18:19:09.488 INFO  com.jiawa.wiki.config.WikiApplication                    :22   [32m                  [0;39m 启动成功！！
2022-05-05 18:19:09.488 INFO  com.jiawa.wiki.config.WikiApplication                    :23   [32m                  [0;39m 地址: 	http://127.0.0.1:8880
2022-05-05 18:19:28.763 INFO  o.a.c.core.ContainerBase.[Tomcat].[localhost].[/] :173  [32m                  [0;39m Initializing Spring DispatcherServlet 'dispatcherServlet'
2022-05-05 18:19:28.763 INFO  org.springframework.web.servlet.DispatcherServlet :525  [32m                  [0;39m Initializing Servlet 'dispatcherServlet'
2022-05-05 18:19:28.763 INFO  org.springframework.web.servlet.DispatcherServlet :547  [32m                  [0;39m Completed initialization in 0 ms
2022-05-05 18:20:19.896 INFO  com.jiawa.wiki.config.WikiApplication                    :55   [32m                  [0;39m Starting WikiApplication using Java 17.0.2 on yangzihaos-MacBook-Pro.local with PID 86930 (/Users/yangzihao/IdeaProjects/wiki/target/classes started by yangzihao in /Users/yangzihao/IdeaProjects/wiki)
2022-05-05 18:20:19.897 INFO  com.jiawa.wiki.config.WikiApplication                    :640  [32m                  [0;39m No active profile set, falling back to 1 default profile: "default"
2022-05-05 18:20:20.166 INFO  o.s.boot.web.embedded.tomcat.TomcatWebServer      :108  [32m                  [0;39m Tomcat initialized with port(s): 8880 (http)
2022-05-05 18:20:20.170 INFO  org.apache.coyote.http11.Http11NioProtocol        :173  [32m                  [0;39m Initializing ProtocolHandler ["http-nio-8880"]
2022-05-05 18:20:20.171 INFO  org.apache.catalina.core.StandardService          :173  [32m                  [0;39m Starting service [Tomcat]
2022-05-05 18:20:20.171 INFO  org.apache.catalina.core.StandardEngine           :173  [32m                  [0;39m Starting Servlet engine: [Apache Tomcat/9.0.62]
2022-05-05 18:20:20.197 INFO  o.a.c.core.ContainerBase.[Tomcat].[localhost].[/] :173  [32m                  [0;39m Initializing Spring embedded WebApplicationContext
2022-05-05 18:20:20.198 INFO  o.s.b.w.s.c.ServletWebServerApplicationContext    :290  [32m                  [0;39m Root WebApplicationContext: initialization completed in 281 ms
2022-05-05 18:20:20.293 INFO  org.apache.coyote.http11.Http11NioProtocol        :173  [32m                  [0;39m Starting ProtocolHandler ["http-nio-8880"]
2022-05-05 18:20:20.299 INFO  o.s.boot.web.embedded.tomcat.TomcatWebServer      :220  [32m                  [0;39m Tomcat started on port(s): 8880 (http) with context path ''
2022-05-05 18:20:20.304 INFO  com.jiawa.wiki.config.WikiApplication                    :61   [32m                  [0;39m Started WikiApplication in 0.551 seconds (JVM running for 0.727)
2022-05-05 18:20:20.304 INFO  com.jiawa.wiki.config.WikiApplication                    :22   [32m                  [0;39m 启动成功！！
2022-05-05 18:20:20.305 INFO  com.jiawa.wiki.config.WikiApplication                    :23   [32m                  [0;39m 地址: 	http://127.0.0.1:8880
2022-05-05 18:20:23.007 INFO  o.a.c.core.ContainerBase.[Tomcat].[localhost].[/] :173  [32m                  [0;39m Initializing Spring DispatcherServlet 'dispatcherServlet'
2022-05-05 18:20:23.007 INFO  org.springframework.web.servlet.DispatcherServlet :525  [32m                  [0;39m Initializing Servlet 'dispatcherServlet'
2022-05-05 18:20:23.008 INFO  org.springframework.web.servlet.DispatcherServlet :547  [32m                  [0;39m Completed initialization in 1 ms
2022-05-05 20:54:25.377 INFO  com.jiawa.wiki.config.WikiApplication             :55   [32m                  [0;39m Starting WikiApplication using Java 17.0.2 on yangzihaos-MacBook-Pro.local with PID 55606 (/Users/yangzihao/IdeaProjects/wiki/target/classes started by yangzihao in /Users/yangzihao/IdeaProjects/wiki)
2022-05-05 20:54:25.379 INFO  com.jiawa.wiki.config.WikiApplication             :640  [32m                  [0;39m No active profile set, falling back to 1 default profile: "default"
2022-05-05 20:54:25.650 INFO  o.s.boot.web.embedded.tomcat.TomcatWebServer      :108  [32m                  [0;39m Tomcat initialized with port(s): 8880 (http)
2022-05-05 20:54:25.654 INFO  org.apache.coyote.http11.Http11NioProtocol        :173  [32m                  [0;39m Initializing ProtocolHandler ["http-nio-8880"]
2022-05-05 20:54:25.655 INFO  org.apache.catalina.core.StandardService          :173  [32m                  [0;39m Starting service [Tomcat]
2022-05-05 20:54:25.655 INFO  org.apache.catalina.core.StandardEngine           :173  [32m                  [0;39m Starting Servlet engine: [Apache Tomcat/9.0.62]
2022-05-05 20:54:25.683 INFO  o.a.c.core.ContainerBase.[Tomcat].[localhost].[/] :173  [32m                  [0;39m Initializing Spring embedded WebApplicationContext
2022-05-05 20:54:25.683 INFO  o.s.b.w.s.c.ServletWebServerApplicationContext    :290  [32m                  [0;39m Root WebApplicationContext: initialization completed in 290 ms
2022-05-05 20:54:25.791 INFO  org.apache.coyote.http11.Http11NioProtocol        :173  [32m                  [0;39m Starting ProtocolHandler ["http-nio-8880"]
2022-05-05 20:54:25.797 INFO  o.s.boot.web.embedded.tomcat.TomcatWebServer      :220  [32m                  [0;39m Tomcat started on port(s): 8880 (http) with context path ''
2022-05-05 20:54:25.802 INFO  com.jiawa.wiki.config.WikiApplication             :61   [32m                  [0;39m Started WikiApplication in 0.564 seconds (JVM running for 0.91)
2022-05-05 20:54:25.803 INFO  com.jiawa.wiki.config.WikiApplication             :20   [32m                  [0;39m 启动成功！！
2022-05-05 20:54:25.803 INFO  com.jiawa.wiki.config.WikiApplication             :21   [32m                  [0;39m 地址: 	http://127.0.0.1:8880
2022-05-05 20:54:48.054 INFO  o.a.c.core.ContainerBase.[Tomcat].[localhost].[/] :173  [32m                  [0;39m Initializing Spring DispatcherServlet 'dispatcherServlet'
2022-05-05 20:54:48.054 INFO  org.springframework.web.servlet.DispatcherServlet :525  [32m                  [0;39m Initializing Servlet 'dispatcherServlet'
2022-05-05 20:54:48.055 INFO  org.springframework.web.servlet.DispatcherServlet :547  [32m                  [0;39m Completed initialization in 1 ms
2022-05-05 21:06:32.482 INFO  com.jiawa.wiki.config.WikiApplication             :55   [32m                  [0;39m Starting WikiApplication using Java 17.0.2 on yangzihaos-MacBook-Pro.local with PID 70747 (/Users/yangzihao/IdeaProjects/wiki/target/classes started by yangzihao in /Users/yangzihao/IdeaProjects/wiki)
2022-05-05 21:06:32.483 INFO  com.jiawa.wiki.config.WikiApplication             :640  [32m                  [0;39m No active profile set, falling back to 1 default profile: "default"
2022-05-05 21:06:32.745 INFO  o.s.boot.web.embedded.tomcat.TomcatWebServer      :108  [32m                  [0;39m Tomcat initialized with port(s): 8880 (http)
2022-05-05 21:06:32.749 INFO  org.apache.coyote.http11.Http11NioProtocol        :173  [32m                  [0;39m Initializing ProtocolHandler ["http-nio-8880"]
2022-05-05 21:06:32.749 INFO  org.apache.catalina.core.StandardService          :173  [32m                  [0;39m Starting service [Tomcat]
2022-05-05 21:06:32.749 INFO  org.apache.catalina.core.StandardEngine           :173  [32m                  [0;39m Starting Servlet engine: [Apache Tomcat/9.0.62]
2022-05-05 21:06:32.777 INFO  o.a.c.core.ContainerBase.[Tomcat].[localhost].[/] :173  [32m                  [0;39m Initializing Spring embedded WebApplicationContext
2022-05-05 21:06:32.778 INFO  o.s.b.w.s.c.ServletWebServerApplicationContext    :290  [32m                  [0;39m Root WebApplicationContext: initialization completed in 280 ms
2022-05-05 21:06:32.878 INFO  org.apache.coyote.http11.Http11NioProtocol        :173  [32m                  [0;39m Starting ProtocolHandler ["http-nio-8880"]
2022-05-05 21:06:32.884 INFO  o.s.boot.web.embedded.tomcat.TomcatWebServer      :220  [32m                  [0;39m Tomcat started on port(s): 8880 (http) with context path ''
2022-05-05 21:06:32.888 INFO  com.jiawa.wiki.config.WikiApplication             :61   [32m                  [0;39m Started WikiApplication in 0.541 seconds (JVM running for 0.856)
2022-05-05 21:06:32.889 INFO  com.jiawa.wiki.config.WikiApplication             :20   [32m                  [0;39m 启动成功！！
2022-05-05 21:06:32.889 INFO  com.jiawa.wiki.config.WikiApplication             :21   [32m                  [0;39m 地址: 	http://127.0.0.1:8880
2022-05-05 21:06:35.722 INFO  o.a.c.core.ContainerBase.[Tomcat].[localhost].[/] :173  [32m                  [0;39m Initializing Spring DispatcherServlet 'dispatcherServlet'
2022-05-05 21:06:35.722 INFO  org.springframework.web.servlet.DispatcherServlet :525  [32m                  [0;39m Initializing Servlet 'dispatcherServlet'
2022-05-05 21:06:35.723 INFO  org.springframework.web.servlet.DispatcherServlet :547  [32m                  [0;39m Completed initialization in 1 ms
2022-05-05 21:20:04.432 INFO  com.jiawa.wiki.config.WikiApplication             :55   [32m                  [0;39m Starting WikiApplication using Java 17.0.2 on yangzihaos-MacBook-Pro.local with PID 87340 (/Users/yangzihao/IdeaProjects/wiki/target/classes started by yangzihao in /Users/yangzihao/IdeaProjects/wiki)
2022-05-05 21:20:04.433 INFO  com.jiawa.wiki.config.WikiApplication             :640  [32m                  [0;39m No active profile set, falling back to 1 default profile: "default"
2022-05-05 21:20:04.699 INFO  o.s.boot.web.embedded.tomcat.TomcatWebServer      :108  [32m                  [0;39m Tomcat initialized with port(s): 8880 (http)
2022-05-05 21:20:04.703 INFO  org.apache.coyote.http11.Http11NioProtocol        :173  [32m                  [0;39m Initializing ProtocolHandler ["http-nio-8880"]
2022-05-05 21:20:04.703 INFO  org.apache.catalina.core.StandardService          :173  [32m                  [0;39m Starting service [Tomcat]
2022-05-05 21:20:04.704 INFO  org.apache.catalina.core.StandardEngine           :173  [32m                  [0;39m Starting Servlet engine: [Apache Tomcat/9.0.62]
2022-05-05 21:20:04.730 INFO  o.a.c.core.ContainerBase.[Tomcat].[localhost].[/] :173  [32m                  [0;39m Initializing Spring embedded WebApplicationContext
2022-05-05 21:20:04.731 INFO  o.s.b.w.s.c.ServletWebServerApplicationContext    :290  [32m                  [0;39m Root WebApplicationContext: initialization completed in 283 ms
2022-05-05 21:20:04.831 INFO  org.apache.coyote.http11.Http11NioProtocol        :173  [32m                  [0;39m Starting ProtocolHandler ["http-nio-8880"]
2022-05-05 21:20:04.837 INFO  o.s.boot.web.embedded.tomcat.TomcatWebServer      :220  [32m                  [0;39m Tomcat started on port(s): 8880 (http) with context path ''
2022-05-05 21:20:04.842 INFO  com.jiawa.wiki.config.WikiApplication             :61   [32m                  [0;39m Started WikiApplication in 0.55 seconds (JVM running for 0.732)
2022-05-05 21:20:04.843 INFO  com.jiawa.wiki.config.WikiApplication             :20   [32m                  [0;39m 启动成功！！
2022-05-05 21:20:04.843 INFO  com.jiawa.wiki.config.WikiApplication             :21   [32m                  [0;39m 地址: 	http://127.0.0.1:8880
2022-05-05 21:20:09.043 INFO  o.a.c.core.ContainerBase.[Tomcat].[localhost].[/] :173  [32m                  [0;39m Initializing Spring DispatcherServlet 'dispatcherServlet'
2022-05-05 21:20:09.043 INFO  org.springframework.web.servlet.DispatcherServlet :525  [32m                  [0;39m Initializing Servlet 'dispatcherServlet'
2022-05-05 21:20:09.044 INFO  org.springframework.web.servlet.DispatcherServlet :547  [32m                  [0;39m Completed initialization in 1 ms
2022-05-05 21:20:44.229 INFO  com.jiawa.wiki.config.WikiApplication             :55   [32m                  [0;39m Starting WikiApplication using Java 17.0.2 on yangzihaos-MacBook-Pro.local with PID 88053 (/Users/yangzihao/IdeaProjects/wiki/target/classes started by yangzihao in /Users/yangzihao/IdeaProjects/wiki)
2022-05-05 21:20:44.230 INFO  com.jiawa.wiki.config.WikiApplication             :640  [32m                  [0;39m No active profile set, falling back to 1 default profile: "default"
2022-05-05 21:20:44.498 INFO  o.s.boot.web.embedded.tomcat.TomcatWebServer      :108  [32m                  [0;39m Tomcat initialized with port(s): 8880 (http)
2022-05-05 21:20:44.502 INFO  org.apache.coyote.http11.Http11NioProtocol        :173  [32m                  [0;39m Initializing ProtocolHandler ["http-nio-8880"]
2022-05-05 21:20:44.503 INFO  org.apache.catalina.core.StandardService          :173  [32m                  [0;39m Starting service [Tomcat]
2022-05-05 21:20:44.503 INFO  org.apache.catalina.core.StandardEngine           :173  [32m                  [0;39m Starting Servlet engine: [Apache Tomcat/9.0.62]
2022-05-05 21:20:44.529 INFO  o.a.c.core.ContainerBase.[Tomcat].[localhost].[/] :173  [32m                  [0;39m Initializing Spring embedded WebApplicationContext
2022-05-05 21:20:44.529 INFO  o.s.b.w.s.c.ServletWebServerApplicationContext    :290  [32m                  [0;39m Root WebApplicationContext: initialization completed in 284 ms
2022-05-05 21:20:44.625 INFO  org.apache.coyote.http11.Http11NioProtocol        :173  [32m                  [0;39m Starting ProtocolHandler ["http-nio-8880"]
2022-05-05 21:20:44.631 INFO  o.s.boot.web.embedded.tomcat.TomcatWebServer      :220  [32m                  [0;39m Tomcat started on port(s): 8880 (http) with context path ''
2022-05-05 21:20:44.635 INFO  com.jiawa.wiki.config.WikiApplication             :61   [32m                  [0;39m Started WikiApplication in 0.542 seconds (JVM running for 0.715)
2022-05-05 21:20:44.636 INFO  com.jiawa.wiki.config.WikiApplication             :20   [32m                  [0;39m 启动成功！！
2022-05-05 21:20:44.636 INFO  com.jiawa.wiki.config.WikiApplication             :21   [32m                  [0;39m 地址: 	http://127.0.0.1:8880
2022-05-05 21:20:47.118 INFO  o.a.c.core.ContainerBase.[Tomcat].[localhost].[/] :173  [32m                  [0;39m Initializing Spring DispatcherServlet 'dispatcherServlet'
2022-05-05 21:20:47.119 INFO  org.springframework.web.servlet.DispatcherServlet :525  [32m                  [0;39m Initializing Servlet 'dispatcherServlet'
2022-05-05 21:20:47.119 INFO  org.springframework.web.servlet.DispatcherServlet :547  [32m                  [0;39m Completed initialization in 0 ms
2022-05-05 21:24:50.288 INFO  com.jiawa.wiki.config.WikiApplication             :55   [32m                  [0;39m Starting WikiApplication using Java 17.0.2 on yangzihaos-MacBook-Pro.local with PID 92449 (/Users/yangzihao/IdeaProjects/wiki/target/classes started by yangzihao in /Users/yangzihao/IdeaProjects/wiki)
2022-05-05 21:24:50.289 INFO  com.jiawa.wiki.config.WikiApplication             :640  [32m                  [0;39m No active profile set, falling back to 1 default profile: "default"
2022-05-05 21:24:50.551 INFO  o.s.boot.web.embedded.tomcat.TomcatWebServer      :108  [32m                  [0;39m Tomcat initialized with port(s): 8880 (http)
2022-05-05 21:24:50.555 INFO  org.apache.coyote.http11.Http11NioProtocol        :173  [32m                  [0;39m Initializing ProtocolHandler ["http-nio-8880"]
2022-05-05 21:24:50.555 INFO  org.apache.catalina.core.StandardService          :173  [32m                  [0;39m Starting service [Tomcat]
2022-05-05 21:24:50.555 INFO  org.apache.catalina.core.StandardEngine           :173  [32m                  [0;39m Starting Servlet engine: [Apache Tomcat/9.0.62]
2022-05-05 21:24:50.581 INFO  o.a.c.core.ContainerBase.[Tomcat].[localhost].[/] :173  [32m                  [0;39m Initializing Spring embedded WebApplicationContext
2022-05-05 21:24:50.581 INFO  o.s.b.w.s.c.ServletWebServerApplicationContext    :290  [32m                  [0;39m Root WebApplicationContext: initialization completed in 274 ms
2022-05-05 21:24:50.677 INFO  org.apache.coyote.http11.Http11NioProtocol        :173  [32m                  [0;39m Starting ProtocolHandler ["http-nio-8880"]
2022-05-05 21:24:50.683 INFO  o.s.boot.web.embedded.tomcat.TomcatWebServer      :220  [32m                  [0;39m Tomcat started on port(s): 8880 (http) with context path ''
2022-05-05 21:24:50.687 INFO  com.jiawa.wiki.config.WikiApplication             :61   [32m                  [0;39m Started WikiApplication in 0.54 seconds (JVM running for 0.716)
2022-05-05 21:24:50.688 INFO  com.jiawa.wiki.config.WikiApplication             :20   [32m                  [0;39m 启动成功！！
2022-05-05 21:24:50.688 INFO  com.jiawa.wiki.config.WikiApplication             :21   [32m                  [0;39m 地址: 	http://127.0.0.1:8880
2022-05-05 21:24:53.067 INFO  o.a.c.core.ContainerBase.[Tomcat].[localhost].[/] :173  [32m                  [0;39m Initializing Spring DispatcherServlet 'dispatcherServlet'
2022-05-05 21:24:53.067 INFO  org.springframework.web.servlet.DispatcherServlet :525  [32m                  [0;39m Initializing Servlet 'dispatcherServlet'
2022-05-05 21:24:53.068 INFO  org.springframework.web.servlet.DispatcherServlet :547  [32m                  [0;39m Completed initialization in 1 ms
2022-05-05 21:33:34.600 INFO  com.jiawa.wiki.config.WikiApplication             :55   [32m                  [0;39m Starting WikiApplication using Java 17.0.2 on yangzihaos-MacBook-Pro.local with PID 2233 (/Users/yangzihao/IdeaProjects/wiki/target/classes started by yangzihao in /Users/yangzihao/IdeaProjects/wiki)
2022-05-05 21:33:34.602 INFO  com.jiawa.wiki.config.WikiApplication             :640  [32m                  [0;39m No active profile set, falling back to 1 default profile: "default"
2022-05-05 21:33:34.876 INFO  o.s.boot.web.embedded.tomcat.TomcatWebServer      :108  [32m                  [0;39m Tomcat initialized with port(s): 8880 (http)
2022-05-05 21:33:34.880 INFO  org.apache.coyote.http11.Http11NioProtocol        :173  [32m                  [0;39m Initializing ProtocolHandler ["http-nio-8880"]
2022-05-05 21:33:34.880 INFO  org.apache.catalina.core.StandardService          :173  [32m                  [0;39m Starting service [Tomcat]
2022-05-05 21:33:34.880 INFO  org.apache.catalina.core.StandardEngine           :173  [32m                  [0;39m Starting Servlet engine: [Apache Tomcat/9.0.62]
2022-05-05 21:33:34.906 INFO  o.a.c.core.ContainerBase.[Tomcat].[localhost].[/] :173  [32m                  [0;39m Initializing Spring embedded WebApplicationContext
2022-05-05 21:33:34.906 INFO  o.s.b.w.s.c.ServletWebServerApplicationContext    :290  [32m                  [0;39m Root WebApplicationContext: initialization completed in 284 ms
2022-05-05 21:33:35.003 INFO  org.apache.coyote.http11.Http11NioProtocol        :173  [32m                  [0;39m Starting ProtocolHandler ["http-nio-8880"]
2022-05-05 21:33:35.009 INFO  o.s.boot.web.embedded.tomcat.TomcatWebServer      :220  [32m                  [0;39m Tomcat started on port(s): 8880 (http) with context path ''
2022-05-05 21:33:35.014 INFO  com.jiawa.wiki.config.WikiApplication             :61   [32m                  [0;39m Started WikiApplication in 0.564 seconds (JVM running for 0.741)
2022-05-05 21:33:35.015 INFO  com.jiawa.wiki.config.WikiApplication             :20   [32m                  [0;39m 启动成功！！
2022-05-05 21:33:35.015 INFO  com.jiawa.wiki.config.WikiApplication             :21   [32m                  [0;39m 地址: 	http://127.0.0.1:8880
2022-05-05 21:33:38.737 INFO  o.a.c.core.ContainerBase.[Tomcat].[localhost].[/] :173  [32m                  [0;39m Initializing Spring DispatcherServlet 'dispatcherServlet'
2022-05-05 21:33:38.737 INFO  org.springframework.web.servlet.DispatcherServlet :525  [32m                  [0;39m Initializing Servlet 'dispatcherServlet'
2022-05-05 21:33:38.738 INFO  org.springframework.web.servlet.DispatcherServlet :547  [32m                  [0;39m Completed initialization in 1 ms
2022-05-05 22:02:36.613 INFO  com.jiawa.wiki.config.WikiApplication             :55   [32m                  [0;39m Starting WikiApplication using Java 17.0.2 on yangzihaos-MacBook-Pro.local with PID 17625 (/Users/yangzihao/IdeaProjects/wiki/target/classes started by yangzihao in /Users/yangzihao/IdeaProjects/wiki)
2022-05-05 22:02:36.614 INFO  com.jiawa.wiki.config.WikiApplication             :640  [32m                  [0;39m No active profile set, falling back to 1 default profile: "default"
2022-05-05 22:02:36.870 INFO  o.s.boot.web.embedded.tomcat.TomcatWebServer      :108  [32m                  [0;39m Tomcat initialized with port(s): 8880 (http)
2022-05-05 22:02:36.874 INFO  org.apache.coyote.http11.Http11NioProtocol        :173  [32m                  [0;39m Initializing ProtocolHandler ["http-nio-8880"]
2022-05-05 22:02:36.874 INFO  org.apache.catalina.core.StandardService          :173  [32m                  [0;39m Starting service [Tomcat]
2022-05-05 22:02:36.874 INFO  org.apache.catalina.core.StandardEngine           :173  [32m                  [0;39m Starting Servlet engine: [Apache Tomcat/9.0.62]
2022-05-05 22:02:36.901 INFO  o.a.c.core.ContainerBase.[Tomcat].[localhost].[/] :173  [32m                  [0;39m Initializing Spring embedded WebApplicationContext
2022-05-05 22:02:36.901 INFO  o.s.b.w.s.c.ServletWebServerApplicationContext    :290  [32m                  [0;39m Root WebApplicationContext: initialization completed in 274 ms
2022-05-05 22:02:36.997 INFO  org.apache.coyote.http11.Http11NioProtocol        :173  [32m                  [0;39m Starting ProtocolHandler ["http-nio-8880"]
2022-05-05 22:02:37.002 INFO  o.s.boot.web.embedded.tomcat.TomcatWebServer      :220  [32m                  [0;39m Tomcat started on port(s): 8880 (http) with context path ''
2022-05-05 22:02:37.006 INFO  com.jiawa.wiki.config.WikiApplication             :61   [32m                  [0;39m Started WikiApplication in 0.521 seconds (JVM running for 0.858)
2022-05-05 22:02:37.007 INFO  com.jiawa.wiki.config.WikiApplication             :20   [32m                  [0;39m 启动成功！！
2022-05-05 22:02:37.007 INFO  com.jiawa.wiki.config.WikiApplication             :21   [32m                  [0;39m 地址: 	http://127.0.0.1:8880
2022-05-05 22:02:39.541 INFO  o.a.c.core.ContainerBase.[Tomcat].[localhost].[/] :173  [32m                  [0;39m Initializing Spring DispatcherServlet 'dispatcherServlet'
2022-05-05 22:02:39.542 INFO  org.springframework.web.servlet.DispatcherServlet :525  [32m                  [0;39m Initializing Servlet 'dispatcherServlet'
2022-05-05 22:02:39.542 INFO  org.springframework.web.servlet.DispatcherServlet :547  [32m                  [0;39m Completed initialization in 0 ms
2022-05-05 22:04:24.122 INFO  com.jiawa.wiki.config.WikiApplication             :55   [32m                  [0;39m Starting WikiApplication using Java 17.0.2 on yangzihaos-MacBook-Pro.local with PID 19381 (/Users/yangzihao/IdeaProjects/wiki/target/classes started by yangzihao in /Users/yangzihao/IdeaProjects/wiki)
2022-05-05 22:04:24.123 INFO  com.jiawa.wiki.config.WikiApplication             :640  [32m                  [0;39m No active profile set, falling back to 1 default profile: "default"
2022-05-05 22:04:24.372 INFO  o.s.boot.web.embedded.tomcat.TomcatWebServer      :108  [32m                  [0;39m Tomcat initialized with port(s): 8880 (http)
2022-05-05 22:04:24.376 INFO  org.apache.coyote.http11.Http11NioProtocol        :173  [32m                  [0;39m Initializing ProtocolHandler ["http-nio-8880"]
2022-05-05 22:04:24.376 INFO  org.apache.catalina.core.StandardService          :173  [32m                  [0;39m Starting service [Tomcat]
2022-05-05 22:04:24.376 INFO  org.apache.catalina.core.StandardEngine           :173  [32m                  [0;39m Starting Servlet engine: [Apache Tomcat/9.0.62]
2022-05-05 22:04:24.403 INFO  o.a.c.core.ContainerBase.[Tomcat].[localhost].[/] :173  [32m                  [0;39m Initializing Spring embedded WebApplicationContext
2022-05-05 22:04:24.403 INFO  o.s.b.w.s.c.ServletWebServerApplicationContext    :290  [32m                  [0;39m Root WebApplicationContext: initialization completed in 265 ms
2022-05-05 22:04:24.500 INFO  org.apache.coyote.http11.Http11NioProtocol        :173  [32m                  [0;39m Starting ProtocolHandler ["http-nio-8880"]
2022-05-05 22:04:24.506 INFO  o.s.boot.web.embedded.tomcat.TomcatWebServer      :220  [32m                  [0;39m Tomcat started on port(s): 8880 (http) with context path ''
2022-05-05 22:04:24.510 INFO  com.jiawa.wiki.config.WikiApplication             :61   [32m                  [0;39m Started WikiApplication in 0.529 seconds (JVM running for 0.701)
2022-05-05 22:04:24.511 INFO  com.jiawa.wiki.config.WikiApplication             :20   [32m                  [0;39m 启动成功！！
2022-05-05 22:04:24.511 INFO  com.jiawa.wiki.config.WikiApplication             :21   [32m                  [0;39m 地址: 	http://127.0.0.1:8880
2022-05-05 22:05:02.125 INFO  o.a.c.core.ContainerBase.[Tomcat].[localhost].[/] :173  [32m                  [0;39m Initializing Spring DispatcherServlet 'dispatcherServlet'
2022-05-05 22:05:02.125 INFO  org.springframework.web.servlet.DispatcherServlet :525  [32m                  [0;39m Initializing Servlet 'dispatcherServlet'
2022-05-05 22:05:02.125 INFO  org.springframework.web.servlet.DispatcherServlet :547  [32m                  [0;39m Completed initialization in 0 ms
2022-05-05 22:05:56.313 INFO  com.jiawa.wiki.config.WikiApplication             :55   [32m                  [0;39m Starting WikiApplication using Java 17.0.2 on yangzihaos-MacBook-Pro.local with PID 20979 (/Users/yangzihao/IdeaProjects/wiki/target/classes started by yangzihao in /Users/yangzihao/IdeaProjects/wiki)
2022-05-05 22:05:56.314 INFO  com.jiawa.wiki.config.WikiApplication             :640  [32m                  [0;39m No active profile set, falling back to 1 default profile: "default"
2022-05-05 22:05:56.568 INFO  o.s.boot.web.embedded.tomcat.TomcatWebServer      :108  [32m                  [0;39m Tomcat initialized with port(s): 8880 (http)
2022-05-05 22:05:56.572 INFO  org.apache.coyote.http11.Http11NioProtocol        :173  [32m                  [0;39m Initializing ProtocolHandler ["http-nio-8880"]
2022-05-05 22:05:56.573 INFO  org.apache.catalina.core.StandardService          :173  [32m                  [0;39m Starting service [Tomcat]
2022-05-05 22:05:56.573 INFO  org.apache.catalina.core.StandardEngine           :173  [32m                  [0;39m Starting Servlet engine: [Apache Tomcat/9.0.62]
2022-05-05 22:05:56.599 INFO  o.a.c.core.ContainerBase.[Tomcat].[localhost].[/] :173  [32m                  [0;39m Initializing Spring embedded WebApplicationContext
2022-05-05 22:05:56.599 INFO  o.s.b.w.s.c.ServletWebServerApplicationContext    :290  [32m                  [0;39m Root WebApplicationContext: initialization completed in 270 ms
2022-05-05 22:05:56.702 INFO  org.apache.coyote.http11.Http11NioProtocol        :173  [32m                  [0;39m Starting ProtocolHandler ["http-nio-8880"]
2022-05-05 22:05:56.708 INFO  o.s.boot.web.embedded.tomcat.TomcatWebServer      :220  [32m                  [0;39m Tomcat started on port(s): 8880 (http) with context path ''
2022-05-05 22:05:56.712 INFO  com.jiawa.wiki.config.WikiApplication             :61   [32m                  [0;39m Started WikiApplication in 0.542 seconds (JVM running for 0.721)
2022-05-05 22:05:56.713 INFO  com.jiawa.wiki.config.WikiApplication             :20   [32m                  [0;39m 启动成功！！
2022-05-05 22:05:56.713 INFO  com.jiawa.wiki.config.WikiApplication             :21   [32m                  [0;39m 地址: 	http://127.0.0.1:8880
2022-05-05 22:06:10.923 INFO  o.a.c.core.ContainerBase.[Tomcat].[localhost].[/] :173  [32m                  [0;39m Initializing Spring DispatcherServlet 'dispatcherServlet'
2022-05-05 22:06:10.924 INFO  org.springframework.web.servlet.DispatcherServlet :525  [32m                  [0;39m Initializing Servlet 'dispatcherServlet'
2022-05-05 22:06:10.924 INFO  org.springframework.web.servlet.DispatcherServlet :547  [32m                  [0;39m Completed initialization in 0 ms
2022-05-05 22:06:50.009 INFO  com.jiawa.wiki.config.WikiApplication             :55   [32m                  [0;39m Starting WikiApplication using Java 17.0.2 on yangzihaos-MacBook-Pro.local with PID 21850 (/Users/yangzihao/IdeaProjects/wiki/target/classes started by yangzihao in /Users/yangzihao/IdeaProjects/wiki)
2022-05-05 22:06:50.010 INFO  com.jiawa.wiki.config.WikiApplication             :640  [32m                  [0;39m No active profile set, falling back to 1 default profile: "default"
2022-05-05 22:06:50.267 INFO  o.s.boot.web.embedded.tomcat.TomcatWebServer      :108  [32m                  [0;39m Tomcat initialized with port(s): 8880 (http)
2022-05-05 22:06:50.271 INFO  org.apache.coyote.http11.Http11NioProtocol        :173  [32m                  [0;39m Initializing ProtocolHandler ["http-nio-8880"]
2022-05-05 22:06:50.272 INFO  org.apache.catalina.core.StandardService          :173  [32m                  [0;39m Starting service [Tomcat]
2022-05-05 22:06:50.272 INFO  org.apache.catalina.core.StandardEngine           :173  [32m                  [0;39m Starting Servlet engine: [Apache Tomcat/9.0.62]
2022-05-05 22:06:50.298 INFO  o.a.c.core.ContainerBase.[Tomcat].[localhost].[/] :173  [32m                  [0;39m Initializing Spring embedded WebApplicationContext
2022-05-05 22:06:50.298 INFO  o.s.b.w.s.c.ServletWebServerApplicationContext    :290  [32m                  [0;39m Root WebApplicationContext: initialization completed in 270 ms
2022-05-05 22:06:50.392 INFO  org.apache.coyote.http11.Http11NioProtocol        :173  [32m                  [0;39m Starting ProtocolHandler ["http-nio-8880"]
2022-05-05 22:06:50.398 INFO  o.s.boot.web.embedded.tomcat.TomcatWebServer      :220  [32m                  [0;39m Tomcat started on port(s): 8880 (http) with context path ''
2022-05-05 22:06:50.403 INFO  com.jiawa.wiki.config.WikiApplication             :61   [32m                  [0;39m Started WikiApplication in 0.581 seconds (JVM running for 0.768)
2022-05-05 22:06:50.403 INFO  com.jiawa.wiki.config.WikiApplication             :20   [32m                  [0;39m 启动成功！！
2022-05-05 22:06:50.404 INFO  com.jiawa.wiki.config.WikiApplication             :21   [32m                  [0;39m 地址: 	http://127.0.0.1:8880
2022-05-05 22:06:52.664 INFO  o.a.c.core.ContainerBase.[Tomcat].[localhost].[/] :173  [32m                  [0;39m Initializing Spring DispatcherServlet 'dispatcherServlet'
2022-05-05 22:06:52.664 INFO  org.springframework.web.servlet.DispatcherServlet :525  [32m                  [0;39m Initializing Servlet 'dispatcherServlet'
2022-05-05 22:06:52.665 INFO  org.springframework.web.servlet.DispatcherServlet :547  [32m                  [0;39m Completed initialization in 0 ms
