2022-06-04 00:05:06.442 WARN  com.zaxxer.hikari.pool.HikariPool                 :788  [32m                  [0;39m HikariPool-2 - Thread starvation or clock leap detected (housekeeper delta=46m32s721ms).
2022-06-04 00:22:17.367 WARN  com.zaxxer.hikari.pool.HikariPool                 :788  [32m                  [0;39m HikariPool-2 - Thread starvation or clock leap detected (housekeeper delta=16m40s908ms).
2022-06-04 02:03:22.613 WARN  com.zaxxer.hikari.pool.HikariPool                 :788  [32m                  [0;39m HikariPool-2 - Thread starvation or clock leap detected (housekeeper delta=1h23m17s394ms).
2022-06-04 02:51:14.044 WARN  com.zaxxer.hikari.pool.HikariPool                 :788  [32m                  [0;39m HikariPool-2 - Thread starvation or clock leap detected (housekeeper delta=1h5m39s283ms).
2022-06-04 03:11:25.534 WARN  com.zaxxer.hikari.pool.HikariPool                 :788  [32m                  [0;39m HikariPool-2 - Thread starvation or clock leap detected (housekeeper delta=20m11s490ms).
2022-06-04 03:47:21.145 WARN  com.zaxxer.hikari.pool.HikariPool                 :788  [32m                  [0;39m HikariPool-2 - Thread starvation or clock leap detected (housekeeper delta=35m25s624ms).
2022-06-04 05:06:54.779 WARN  com.zaxxer.hikari.pool.HikariPool                 :788  [32m                  [0;39m HikariPool-2 - Thread starvation or clock leap detected (housekeeper delta=1h19m33s634ms).
2022-06-04 06:42:33.631 WARN  com.zaxxer.hikari.pool.HikariPool                 :788  [32m                  [0;39m HikariPool-2 - Thread starvation or clock leap detected (housekeeper delta=1h35m38s852ms).
2022-06-04 07:49:26.658 WARN  com.zaxxer.hikari.pool.HikariPool                 :788  [32m                  [0;39m HikariPool-2 - Thread starvation or clock leap detected (housekeeper delta=1h6m53s27ms).
2022-06-04 09:14:53.597 WARN  com.zaxxer.hikari.pool.HikariPool                 :788  [32m                  [0;39m HikariPool-2 - Thread starvation or clock leap detected (housekeeper delta=1h24m26s923ms).
2022-06-04 09:31:31.307 WARN  com.zaxxer.hikari.pool.HikariPool                 :788  [32m                  [0;39m HikariPool-2 - Thread starvation or clock leap detected (housekeeper delta=16m37s710ms).
2022-06-04 10:07:30.346 WARN  com.zaxxer.hikari.pool.HikariPool                 :788  [32m                  [0;39m HikariPool-2 - Thread starvation or clock leap detected (housekeeper delta=35m29s28ms).
2022-06-04 11:47:40.367 WARN  com.zaxxer.hikari.pool.HikariPool                 :788  [32m                  [0;39m HikariPool-2 - Thread starvation or clock leap detected (housekeeper delta=1h40m10s22ms).
2022-06-04 13:10:03.473 WARN  com.zaxxer.hikari.pool.HikariPool                 :788  [32m                  [0;39m HikariPool-2 - Thread starvation or clock leap detected (housekeeper delta=1h22m23s106ms).
2022-06-04 14:48:59.653 WARN  com.zaxxer.hikari.pool.HikariPool                 :788  [32m                  [0;39m HikariPool-2 - Thread starvation or clock leap detected (housekeeper delta=1h38m56s180ms).
2022-06-04 16:12:06.904 WARN  com.zaxxer.hikari.pool.HikariPool                 :788  [32m                  [0;39m HikariPool-2 - Thread starvation or clock leap detected (housekeeper delta=1h23m7s251ms).
2022-06-04 16:17:40.128 WARN  com.zaxxer.hikari.pool.HikariPool                 :788  [32m                  [0;39m HikariPool-2 - Thread starvation or clock leap detected (housekeeper delta=5m33s224ms).
2022-06-04 17:42:53.631 WARN  com.zaxxer.hikari.pool.HikariPool                 :788  [32m                  [0;39m HikariPool-2 - Thread starvation or clock leap detected (housekeeper delta=16m11s138ms).
2022-06-04 17:59:23.842 WARN  com.zaxxer.hikari.pool.HikariPool                 :788  [32m                  [0;39m HikariPool-2 - Thread starvation or clock leap detected (housekeeper delta=16m30s211ms).
2022-06-04 18:03:30.304 WARN  com.zaxxer.hikari.pool.HikariPool                 :788  [32m                  [0;39m HikariPool-2 - Thread starvation or clock leap detected (housekeeper delta=3m6s435ms).
2022-06-04 18:23:47.221 WARN  com.zaxxer.hikari.pool.HikariPool                 :788  [32m                  [0;39m HikariPool-2 - Thread starvation or clock leap detected (housekeeper delta=2m15s579ms).
2022-06-04 19:22:49.469 INFO  com.zaxxer.hikari.HikariDataSource                :350  [32m                  [0;39m HikariPool-2 - Shutdown initiated...
2022-06-04 19:22:49.471 INFO  com.zaxxer.hikari.HikariDataSource                :352  [32m                  [0;39m HikariPool-2 - Shutdown completed.
2022-06-04 19:22:49.561 INFO  com.jiawa.wiki.config.WikiApplication             :55   [32m                  [0;39m Starting WikiApplication using Java 17.0.2 on yangzihaos-MacBook-Pro.local with PID 62357 (/Users/yangzihao/IdeaProjects/wiki/target/classes started by yangzihao in /Users/yangzihao/IdeaProjects/wiki)
2022-06-04 19:22:49.561 INFO  com.jiawa.wiki.config.WikiApplication             :640  [32m                  [0;39m No active profile set, falling back to 1 default profile: "default"
2022-06-04 19:22:49.641 INFO  o.s.boot.web.embedded.tomcat.TomcatWebServer      :108  [32m                  [0;39m Tomcat initialized with port(s): 8880 (http)
2022-06-04 19:22:49.641 INFO  org.apache.coyote.http11.Http11NioProtocol        :173  [32m                  [0;39m Initializing ProtocolHandler ["http-nio-8880"]
2022-06-04 19:22:49.641 INFO  org.apache.catalina.core.StandardService          :173  [32m                  [0;39m Starting service [Tomcat]
2022-06-04 19:22:49.641 INFO  org.apache.catalina.core.StandardEngine           :173  [32m                  [0;39m Starting Servlet engine: [Apache Tomcat/9.0.62]
2022-06-04 19:22:49.644 INFO  o.a.c.core.ContainerBase.[Tomcat].[localhost].[/] :173  [32m                  [0;39m Initializing Spring embedded WebApplicationContext
2022-06-04 19:22:49.644 INFO  o.s.b.w.s.c.ServletWebServerApplicationContext    :290  [32m                  [0;39m Root WebApplicationContext: initialization completed in 82 ms
2022-06-04 19:22:49.711 INFO  o.s.b.d.autoconfigure.OptionalLiveReloadServer    :58   [32m                  [0;39m LiveReload server is running on port 35729
2022-06-04 19:22:49.714 INFO  org.apache.coyote.http11.Http11NioProtocol        :173  [32m                  [0;39m Starting ProtocolHandler ["http-nio-8880"]
2022-06-04 19:22:49.715 INFO  o.s.boot.web.embedded.tomcat.TomcatWebServer      :220  [32m                  [0;39m Tomcat started on port(s): 8880 (http) with context path ''
2022-06-04 19:22:49.717 INFO  com.jiawa.wiki.config.WikiApplication             :61   [32m                  [0;39m Started WikiApplication in 0.225 seconds (JVM running for 10808.945)
2022-06-04 19:22:49.718 INFO  o.s.b.d.a.ConditionEvaluationDeltaLoggingListener :63   [32m                  [0;39m Condition evaluation unchanged
2022-06-04 19:22:49.718 INFO  com.jiawa.wiki.config.WikiApplication             :22   [32m                  [0;39m 启动成功！！
2022-06-04 19:22:49.718 INFO  com.jiawa.wiki.config.WikiApplication             :23   [32m                  [0;39m 地址: 	http://127.0.0.1:8880
2022-06-04 19:23:32.519 INFO  com.jiawa.wiki.config.WikiApplication             :55   [32m                  [0;39m Starting WikiApplication using Java 17.0.2 on yangzihaos-MacBook-Pro.local with PID 62357 (/Users/yangzihao/IdeaProjects/wiki/target/classes started by yangzihao in /Users/yangzihao/IdeaProjects/wiki)
2022-06-04 19:23:32.519 INFO  com.jiawa.wiki.config.WikiApplication             :640  [32m                  [0;39m No active profile set, falling back to 1 default profile: "default"
2022-06-04 19:23:32.584 INFO  o.s.boot.web.embedded.tomcat.TomcatWebServer      :108  [32m                  [0;39m Tomcat initialized with port(s): 8880 (http)
2022-06-04 19:23:32.584 INFO  org.apache.coyote.http11.Http11NioProtocol        :173  [32m                  [0;39m Initializing ProtocolHandler ["http-nio-8880"]
2022-06-04 19:23:32.584 INFO  org.apache.catalina.core.StandardService          :173  [32m                  [0;39m Starting service [Tomcat]
2022-06-04 19:23:32.584 INFO  org.apache.catalina.core.StandardEngine           :173  [32m                  [0;39m Starting Servlet engine: [Apache Tomcat/9.0.62]
2022-06-04 19:23:32.587 INFO  o.a.c.core.ContainerBase.[Tomcat].[localhost].[/] :173  [32m                  [0;39m Initializing Spring embedded WebApplicationContext
2022-06-04 19:23:32.587 INFO  o.s.b.w.s.c.ServletWebServerApplicationContext    :290  [32m                  [0;39m Root WebApplicationContext: initialization completed in 67 ms
2022-06-04 19:23:32.642 INFO  o.s.b.d.autoconfigure.OptionalLiveReloadServer    :58   [32m                  [0;39m LiveReload server is running on port 35729
2022-06-04 19:23:32.644 INFO  org.apache.coyote.http11.Http11NioProtocol        :173  [32m                  [0;39m Starting ProtocolHandler ["http-nio-8880"]
2022-06-04 19:23:32.645 INFO  o.s.boot.web.embedded.tomcat.TomcatWebServer      :220  [32m                  [0;39m Tomcat started on port(s): 8880 (http) with context path ''
2022-06-04 19:23:32.647 INFO  com.jiawa.wiki.config.WikiApplication             :61   [32m                  [0;39m Started WikiApplication in 0.141 seconds (JVM running for 10851.875)
2022-06-04 19:23:32.647 INFO  o.s.b.d.a.ConditionEvaluationDeltaLoggingListener :63   [32m                  [0;39m Condition evaluation unchanged
2022-06-04 19:23:32.647 INFO  com.jiawa.wiki.config.WikiApplication             :22   [32m                  [0;39m 启动成功！！
2022-06-04 19:23:32.648 INFO  com.jiawa.wiki.config.WikiApplication             :23   [32m                  [0;39m 地址: 	http://127.0.0.1:8880
2022-06-04 19:23:58.367 INFO  com.jiawa.wiki.config.WikiApplication             :55   [32m                  [0;39m Starting WikiApplication using Java 17.0.2 on yangzihaos-MacBook-Pro.local with PID 62357 (/Users/yangzihao/IdeaProjects/wiki/target/classes started by yangzihao in /Users/yangzihao/IdeaProjects/wiki)
2022-06-04 19:23:58.368 INFO  com.jiawa.wiki.config.WikiApplication             :640  [32m                  [0;39m No active profile set, falling back to 1 default profile: "default"
2022-06-04 19:23:58.431 INFO  o.s.boot.web.embedded.tomcat.TomcatWebServer      :108  [32m                  [0;39m Tomcat initialized with port(s): 8880 (http)
2022-06-04 19:23:58.431 INFO  org.apache.coyote.http11.Http11NioProtocol        :173  [32m                  [0;39m Initializing ProtocolHandler ["http-nio-8880"]
2022-06-04 19:23:58.431 INFO  org.apache.catalina.core.StandardService          :173  [32m                  [0;39m Starting service [Tomcat]
2022-06-04 19:23:58.431 INFO  org.apache.catalina.core.StandardEngine           :173  [32m                  [0;39m Starting Servlet engine: [Apache Tomcat/9.0.62]
2022-06-04 19:23:58.434 INFO  o.a.c.core.ContainerBase.[Tomcat].[localhost].[/] :173  [32m                  [0;39m Initializing Spring embedded WebApplicationContext
2022-06-04 19:23:58.434 INFO  o.s.b.w.s.c.ServletWebServerApplicationContext    :290  [32m                  [0;39m Root WebApplicationContext: initialization completed in 66 ms
2022-06-04 19:23:58.486 INFO  o.s.b.d.autoconfigure.OptionalLiveReloadServer    :58   [32m                  [0;39m LiveReload server is running on port 35729
2022-06-04 19:23:58.488 INFO  org.apache.coyote.http11.Http11NioProtocol        :173  [32m                  [0;39m Starting ProtocolHandler ["http-nio-8880"]
2022-06-04 19:23:58.489 INFO  o.s.boot.web.embedded.tomcat.TomcatWebServer      :220  [32m                  [0;39m Tomcat started on port(s): 8880 (http) with context path ''
2022-06-04 19:23:58.491 INFO  com.jiawa.wiki.config.WikiApplication             :61   [32m                  [0;39m Started WikiApplication in 0.138 seconds (JVM running for 10877.719)
2022-06-04 19:23:58.491 INFO  o.s.b.d.a.ConditionEvaluationDeltaLoggingListener :63   [32m                  [0;39m Condition evaluation unchanged
2022-06-04 19:23:58.491 INFO  com.jiawa.wiki.config.WikiApplication             :22   [32m                  [0;39m 启动成功！！
2022-06-04 19:23:58.491 INFO  com.jiawa.wiki.config.WikiApplication             :23   [32m                  [0;39m 地址: 	http://127.0.0.1:8880
2022-06-04 19:24:27.585 INFO  com.jiawa.wiki.config.WikiApplication             :55   [32m                  [0;39m Starting WikiApplication using Java 17.0.2 on yangzihaos-MacBook-Pro.local with PID 62357 (/Users/yangzihao/IdeaProjects/wiki/target/classes started by yangzihao in /Users/yangzihao/IdeaProjects/wiki)
2022-06-04 19:24:27.585 INFO  com.jiawa.wiki.config.WikiApplication             :640  [32m                  [0;39m No active profile set, falling back to 1 default profile: "default"
2022-06-04 19:24:27.645 INFO  o.s.boot.web.embedded.tomcat.TomcatWebServer      :108  [32m                  [0;39m Tomcat initialized with port(s): 8880 (http)
2022-06-04 19:24:27.645 INFO  org.apache.coyote.http11.Http11NioProtocol        :173  [32m                  [0;39m Initializing ProtocolHandler ["http-nio-8880"]
2022-06-04 19:24:27.645 INFO  org.apache.catalina.core.StandardService          :173  [32m                  [0;39m Starting service [Tomcat]
2022-06-04 19:24:27.645 INFO  org.apache.catalina.core.StandardEngine           :173  [32m                  [0;39m Starting Servlet engine: [Apache Tomcat/9.0.62]
2022-06-04 19:24:27.648 INFO  o.a.c.core.ContainerBase.[Tomcat].[localhost].[/] :173  [32m                  [0;39m Initializing Spring embedded WebApplicationContext
2022-06-04 19:24:27.648 INFO  o.s.b.w.s.c.ServletWebServerApplicationContext    :290  [32m                  [0;39m Root WebApplicationContext: initialization completed in 62 ms
2022-06-04 19:24:27.696 INFO  o.s.b.d.autoconfigure.OptionalLiveReloadServer    :58   [32m                  [0;39m LiveReload server is running on port 35729
2022-06-04 19:24:27.698 INFO  org.apache.coyote.http11.Http11NioProtocol        :173  [32m                  [0;39m Starting ProtocolHandler ["http-nio-8880"]
2022-06-04 19:24:27.699 INFO  o.s.boot.web.embedded.tomcat.TomcatWebServer      :220  [32m                  [0;39m Tomcat started on port(s): 8880 (http) with context path ''
2022-06-04 19:24:27.701 INFO  com.jiawa.wiki.config.WikiApplication             :61   [32m                  [0;39m Started WikiApplication in 0.128 seconds (JVM running for 10906.929)
2022-06-04 19:24:27.701 INFO  o.s.b.d.a.ConditionEvaluationDeltaLoggingListener :63   [32m                  [0;39m Condition evaluation unchanged
2022-06-04 19:24:27.701 INFO  com.jiawa.wiki.config.WikiApplication             :22   [32m                  [0;39m 启动成功！！
2022-06-04 19:24:27.701 INFO  com.jiawa.wiki.config.WikiApplication             :23   [32m                  [0;39m 地址: 	http://127.0.0.1:8880
2022-06-04 19:24:39.282 INFO  o.a.c.core.ContainerBase.[Tomcat].[localhost].[/] :173  [32m                  [0;39m Initializing Spring DispatcherServlet 'dispatcherServlet'
2022-06-04 19:24:39.282 INFO  org.springframework.web.servlet.DispatcherServlet :525  [32m                  [0;39m Initializing Servlet 'dispatcherServlet'
2022-06-04 19:24:39.283 INFO  org.springframework.web.servlet.DispatcherServlet :547  [32m                  [0;39m Completed initialization in 1 ms
2022-06-04 19:24:39.296 INFO  com.zaxxer.hikari.HikariDataSource                :110  [32m                  [0;39m HikariPool-3 - Starting...
2022-06-04 19:24:39.309 INFO  com.zaxxer.hikari.HikariDataSource                :123  [32m                  [0;39m HikariPool-3 - Start completed.
2022-06-04 19:27:33.009 INFO  com.zaxxer.hikari.HikariDataSource                :350  [32m                  [0;39m HikariPool-3 - Shutdown initiated...
2022-06-04 19:27:33.013 INFO  com.zaxxer.hikari.HikariDataSource                :352  [32m                  [0;39m HikariPool-3 - Shutdown completed.
2022-06-04 19:27:33.180 INFO  com.jiawa.wiki.config.WikiApplication             :55   [32m                  [0;39m Starting WikiApplication using Java 17.0.2 on yangzihaos-MacBook-Pro.local with PID 62357 (/Users/yangzihao/IdeaProjects/wiki/target/classes started by yangzihao in /Users/yangzihao/IdeaProjects/wiki)
2022-06-04 19:27:33.180 INFO  com.jiawa.wiki.config.WikiApplication             :640  [32m                  [0;39m No active profile set, falling back to 1 default profile: "default"
2022-06-04 19:27:33.241 INFO  o.s.boot.web.embedded.tomcat.TomcatWebServer      :108  [32m                  [0;39m Tomcat initialized with port(s): 8880 (http)
2022-06-04 19:27:33.241 INFO  org.apache.coyote.http11.Http11NioProtocol        :173  [32m                  [0;39m Initializing ProtocolHandler ["http-nio-8880"]
2022-06-04 19:27:33.241 INFO  org.apache.catalina.core.StandardService          :173  [32m                  [0;39m Starting service [Tomcat]
2022-06-04 19:27:33.241 INFO  org.apache.catalina.core.StandardEngine           :173  [32m                  [0;39m Starting Servlet engine: [Apache Tomcat/9.0.62]
2022-06-04 19:27:33.244 INFO  o.a.c.core.ContainerBase.[Tomcat].[localhost].[/] :173  [32m                  [0;39m Initializing Spring embedded WebApplicationContext
2022-06-04 19:27:33.244 INFO  o.s.b.w.s.c.ServletWebServerApplicationContext    :290  [32m                  [0;39m Root WebApplicationContext: initialization completed in 63 ms
2022-06-04 19:27:33.296 INFO  o.s.b.d.autoconfigure.OptionalLiveReloadServer    :58   [32m                  [0;39m LiveReload server is running on port 35729
2022-06-04 19:27:33.298 INFO  org.apache.coyote.http11.Http11NioProtocol        :173  [32m                  [0;39m Starting ProtocolHandler ["http-nio-8880"]
2022-06-04 19:27:33.299 INFO  o.s.boot.web.embedded.tomcat.TomcatWebServer      :220  [32m                  [0;39m Tomcat started on port(s): 8880 (http) with context path ''
2022-06-04 19:27:33.301 INFO  com.jiawa.wiki.config.WikiApplication             :61   [32m                  [0;39m Started WikiApplication in 0.259 seconds (JVM running for 11092.529)
2022-06-04 19:27:33.301 INFO  o.s.b.d.a.ConditionEvaluationDeltaLoggingListener :63   [32m                  [0;39m Condition evaluation unchanged
2022-06-04 19:27:33.301 INFO  com.jiawa.wiki.config.WikiApplication             :22   [32m                  [0;39m 启动成功！！
2022-06-04 19:27:33.301 INFO  com.jiawa.wiki.config.WikiApplication             :23   [32m                  [0;39m 地址: 	http://127.0.0.1:8880
2022-06-04 19:28:14.118 INFO  com.jiawa.wiki.config.WikiApplication             :55   [32m                  [0;39m Starting WikiApplication using Java 17.0.2 on yangzihaos-MacBook-Pro.local with PID 62357 (/Users/yangzihao/IdeaProjects/wiki/target/classes started by yangzihao in /Users/yangzihao/IdeaProjects/wiki)
2022-06-04 19:28:14.126 INFO  com.jiawa.wiki.config.WikiApplication             :640  [32m                  [0;39m No active profile set, falling back to 1 default profile: "default"
2022-06-04 19:28:14.189 INFO  o.s.boot.web.embedded.tomcat.TomcatWebServer      :108  [32m                  [0;39m Tomcat initialized with port(s): 8880 (http)
2022-06-04 19:28:14.189 INFO  org.apache.coyote.http11.Http11NioProtocol        :173  [32m                  [0;39m Initializing ProtocolHandler ["http-nio-8880"]
2022-06-04 19:28:14.190 INFO  org.apache.catalina.core.StandardService          :173  [32m                  [0;39m Starting service [Tomcat]
2022-06-04 19:28:14.190 INFO  org.apache.catalina.core.StandardEngine           :173  [32m                  [0;39m Starting Servlet engine: [Apache Tomcat/9.0.62]
2022-06-04 19:28:14.192 INFO  o.a.c.core.ContainerBase.[Tomcat].[localhost].[/] :173  [32m                  [0;39m Initializing Spring embedded WebApplicationContext
2022-06-04 19:28:14.192 INFO  o.s.b.w.s.c.ServletWebServerApplicationContext    :290  [32m                  [0;39m Root WebApplicationContext: initialization completed in 64 ms
2022-06-04 19:28:14.241 INFO  o.s.b.d.autoconfigure.OptionalLiveReloadServer    :58   [32m                  [0;39m LiveReload server is running on port 35729
2022-06-04 19:28:14.243 INFO  org.apache.coyote.http11.Http11NioProtocol        :173  [32m                  [0;39m Starting ProtocolHandler ["http-nio-8880"]
2022-06-04 19:28:14.244 INFO  o.s.boot.web.embedded.tomcat.TomcatWebServer      :220  [32m                  [0;39m Tomcat started on port(s): 8880 (http) with context path ''
2022-06-04 19:28:14.246 INFO  com.jiawa.wiki.config.WikiApplication             :61   [32m                  [0;39m Started WikiApplication in 0.139 seconds (JVM running for 11133.474)
2022-06-04 19:28:14.246 INFO  o.s.b.d.a.ConditionEvaluationDeltaLoggingListener :63   [32m                  [0;39m Condition evaluation unchanged
2022-06-04 19:28:14.246 INFO  com.jiawa.wiki.config.WikiApplication             :22   [32m                  [0;39m 启动成功！！
2022-06-04 19:28:14.247 INFO  com.jiawa.wiki.config.WikiApplication             :23   [32m                  [0;39m 地址: 	http://127.0.0.1:8880
2022-06-04 19:28:44.008 INFO  com.jiawa.wiki.config.WikiApplication             :55   [32m                  [0;39m Starting WikiApplication using Java 17.0.2 on yangzihaos-MacBook-Pro.local with PID 62357 (/Users/yangzihao/IdeaProjects/wiki/target/classes started by yangzihao in /Users/yangzihao/IdeaProjects/wiki)
2022-06-04 19:28:44.008 INFO  com.jiawa.wiki.config.WikiApplication             :640  [32m                  [0;39m No active profile set, falling back to 1 default profile: "default"
2022-06-04 19:28:44.062 INFO  o.s.boot.web.embedded.tomcat.TomcatWebServer      :108  [32m                  [0;39m Tomcat initialized with port(s): 8880 (http)
2022-06-04 19:28:44.063 INFO  org.apache.coyote.http11.Http11NioProtocol        :173  [32m                  [0;39m Initializing ProtocolHandler ["http-nio-8880"]
2022-06-04 19:28:44.063 INFO  org.apache.catalina.core.StandardService          :173  [32m                  [0;39m Starting service [Tomcat]
2022-06-04 19:28:44.063 INFO  org.apache.catalina.core.StandardEngine           :173  [32m                  [0;39m Starting Servlet engine: [Apache Tomcat/9.0.62]
2022-06-04 19:28:44.065 INFO  o.a.c.core.ContainerBase.[Tomcat].[localhost].[/] :173  [32m                  [0;39m Initializing Spring embedded WebApplicationContext
2022-06-04 19:28:44.065 INFO  o.s.b.w.s.c.ServletWebServerApplicationContext    :290  [32m                  [0;39m Root WebApplicationContext: initialization completed in 57 ms
2022-06-04 19:28:44.112 INFO  o.s.b.d.autoconfigure.OptionalLiveReloadServer    :58   [32m                  [0;39m LiveReload server is running on port 35729
2022-06-04 19:28:44.115 INFO  org.apache.coyote.http11.Http11NioProtocol        :173  [32m                  [0;39m Starting ProtocolHandler ["http-nio-8880"]
2022-06-04 19:28:44.115 INFO  o.s.boot.web.embedded.tomcat.TomcatWebServer      :220  [32m                  [0;39m Tomcat started on port(s): 8880 (http) with context path ''
2022-06-04 19:28:44.117 INFO  com.jiawa.wiki.config.WikiApplication             :61   [32m                  [0;39m Started WikiApplication in 0.121 seconds (JVM running for 11163.345)
2022-06-04 19:28:44.117 INFO  o.s.b.d.a.ConditionEvaluationDeltaLoggingListener :63   [32m                  [0;39m Condition evaluation unchanged
2022-06-04 19:28:44.118 INFO  com.jiawa.wiki.config.WikiApplication             :22   [32m                  [0;39m 启动成功！！
2022-06-04 19:28:44.118 INFO  com.jiawa.wiki.config.WikiApplication             :23   [32m                  [0;39m 地址: 	http://127.0.0.1:8880
2022-06-04 19:28:56.727 INFO  com.jiawa.wiki.config.WikiApplication             :55   [32m                  [0;39m Starting WikiApplication using Java 17.0.2 on yangzihaos-MacBook-Pro.local with PID 62357 (/Users/yangzihao/IdeaProjects/wiki/target/classes started by yangzihao in /Users/yangzihao/IdeaProjects/wiki)
2022-06-04 19:28:56.727 INFO  com.jiawa.wiki.config.WikiApplication             :640  [32m                  [0;39m No active profile set, falling back to 1 default profile: "default"
2022-06-04 19:28:56.791 INFO  o.s.boot.web.embedded.tomcat.TomcatWebServer      :108  [32m                  [0;39m Tomcat initialized with port(s): 8880 (http)
2022-06-04 19:28:56.791 INFO  org.apache.coyote.http11.Http11NioProtocol        :173  [32m                  [0;39m Initializing ProtocolHandler ["http-nio-8880"]
2022-06-04 19:28:56.791 INFO  org.apache.catalina.core.StandardService          :173  [32m                  [0;39m Starting service [Tomcat]
2022-06-04 19:28:56.791 INFO  org.apache.catalina.core.StandardEngine           :173  [32m                  [0;39m Starting Servlet engine: [Apache Tomcat/9.0.62]
2022-06-04 19:28:56.794 INFO  o.a.c.core.ContainerBase.[Tomcat].[localhost].[/] :173  [32m                  [0;39m Initializing Spring embedded WebApplicationContext
2022-06-04 19:28:56.794 INFO  o.s.b.w.s.c.ServletWebServerApplicationContext    :290  [32m                  [0;39m Root WebApplicationContext: initialization completed in 66 ms
2022-06-04 19:28:56.815 WARN  o.s.b.w.s.c.AnnotationConfigServletWebServerApplicationContext:591  [32m                  [0;39m Exception encountered during context initialization - cancelling refresh attempt: org.springframework.beans.factory.BeanCreationException: Error creating bean with name 'ebookController' defined in file [/Users/yangzihao/IdeaProjects/wiki/target/classes/com/jiawa/wiki/controller/EbookController.class]: Post-processing of merged bean definition failed; nested exception is java.lang.IllegalStateException: Failed to introspect Class [com.jiawa.wiki.controller.EbookController] from ClassLoader [org.springframework.boot.devtools.restart.classloader.RestartClassLoader@270c402e]
2022-06-04 19:28:56.815 INFO  org.apache.catalina.core.StandardService          :173  [32m                  [0;39m Stopping service [Tomcat]
2022-06-04 19:28:56.818 INFO  o.s.b.a.l.ConditionEvaluationReportLoggingListener:136  [32m                  [0;39m 

Error starting ApplicationContext. To display the conditions report re-run your application with 'debug' enabled.
2022-06-04 19:28:56.827 ERROR org.springframework.boot.SpringApplication        :830  [32m                  [0;39m Application run failed
org.springframework.beans.factory.BeanCreationException: Error creating bean with name 'ebookController' defined in file [/Users/yangzihao/IdeaProjects/wiki/target/classes/com/jiawa/wiki/controller/EbookController.class]: Post-processing of merged bean definition failed; nested exception is java.lang.IllegalStateException: Failed to introspect Class [com.jiawa.wiki.controller.EbookController] from ClassLoader [org.springframework.boot.devtools.restart.classloader.RestartClassLoader@270c402e]
	at org.springframework.beans.factory.support.AbstractAutowireCapableBeanFactory.doCreateBean(AbstractAutowireCapableBeanFactory.java:597)
	at org.springframework.beans.factory.support.AbstractAutowireCapableBeanFactory.createBean(AbstractAutowireCapableBeanFactory.java:542)
	at org.springframework.beans.factory.support.AbstractBeanFactory.lambda$doGetBean$0(AbstractBeanFactory.java:335)
	at org.springframework.beans.factory.support.DefaultSingletonBeanRegistry.getSingleton(DefaultSingletonBeanRegistry.java:234)
	at org.springframework.beans.factory.support.AbstractBeanFactory.doGetBean(AbstractBeanFactory.java:333)
	at org.springframework.beans.factory.support.AbstractBeanFactory.getBean(AbstractBeanFactory.java:208)
	at org.springframework.beans.factory.support.DefaultListableBeanFactory.preInstantiateSingletons(DefaultListableBeanFactory.java:953)
	at org.springframework.context.support.AbstractApplicationContext.finishBeanFactoryInitialization(AbstractApplicationContext.java:918)
	at org.springframework.context.support.AbstractApplicationContext.refresh(AbstractApplicationContext.java:583)
	at org.springframework.boot.web.servlet.context.ServletWebServerApplicationContext.refresh(ServletWebServerApplicationContext.java:145)
	at org.springframework.boot.SpringApplication.refresh(SpringApplication.java:740)
	at org.springframework.boot.SpringApplication.refreshContext(SpringApplication.java:415)
	at org.springframework.boot.SpringApplication.run(SpringApplication.java:303)
	at com.jiawa.wiki.config.WikiApplication.main(WikiApplication.java:21)
	at java.base/jdk.internal.reflect.NativeMethodAccessorImpl.invoke0(Native Method)
	at java.base/jdk.internal.reflect.NativeMethodAccessorImpl.invoke(NativeMethodAccessorImpl.java:77)
	at java.base/jdk.internal.reflect.DelegatingMethodAccessorImpl.invoke(DelegatingMethodAccessorImpl.java:43)
	at java.base/java.lang.reflect.Method.invoke(Method.java:568)
	at org.springframework.boot.devtools.restart.RestartLauncher.run(RestartLauncher.java:49)
Caused by: java.lang.IllegalStateException: Failed to introspect Class [com.jiawa.wiki.controller.EbookController] from ClassLoader [org.springframework.boot.devtools.restart.classloader.RestartClassLoader@270c402e]
	at org.springframework.util.ReflectionUtils.getDeclaredFields(ReflectionUtils.java:743)
	at org.springframework.util.ReflectionUtils.doWithLocalFields(ReflectionUtils.java:675)
	at org.springframework.context.annotation.CommonAnnotationBeanPostProcessor.buildResourceMetadata(CommonAnnotationBeanPostProcessor.java:377)
	at org.springframework.context.annotation.CommonAnnotationBeanPostProcessor.findResourceMetadata(CommonAnnotationBeanPostProcessor.java:358)
	at org.springframework.context.annotation.CommonAnnotationBeanPostProcessor.postProcessMergedBeanDefinition(CommonAnnotationBeanPostProcessor.java:306)
	at org.springframework.beans.factory.support.AbstractAutowireCapableBeanFactory.applyMergedBeanDefinitionPostProcessors(AbstractAutowireCapableBeanFactory.java:1116)
	at org.springframework.beans.factory.support.AbstractAutowireCapableBeanFactory.doCreateBean(AbstractAutowireCapableBeanFactory.java:594)
	... 18 common frames omitted
Caused by: java.lang.NoClassDefFoundError: com/jiawa/wiki/service/EbookService
	at java.base/java.lang.Class.getDeclaredFields0(Native Method)
	at java.base/java.lang.Class.privateGetDeclaredFields(Class.java:3297)
	at java.base/java.lang.Class.getDeclaredFields(Class.java:2371)
	at org.springframework.util.ReflectionUtils.getDeclaredFields(ReflectionUtils.java:738)
	... 24 common frames omitted
Caused by: java.lang.ClassNotFoundException: com.jiawa.wiki.service.EbookService
	at java.base/jdk.internal.loader.BuiltinClassLoader.loadClass(BuiltinClassLoader.java:641)
	at java.base/jdk.internal.loader.ClassLoaders$AppClassLoader.loadClass(ClassLoaders.java:188)
	at java.base/java.lang.ClassLoader.loadClass(ClassLoader.java:520)
	at java.base/java.lang.Class.forName0(Native Method)
	at java.base/java.lang.Class.forName(Class.java:467)
	at org.springframework.boot.devtools.restart.classloader.RestartClassLoader.loadClass(RestartClassLoader.java:145)
	at java.base/java.lang.ClassLoader.loadClass(ClassLoader.java:520)
	... 28 common frames omitted
2022-06-04 19:34:20.509 INFO  com.jiawa.wiki.config.WikiApplication             :55   [32m                  [0;39m Starting WikiApplication using Java 17.0.2 on yangzihaos-MacBook-Pro.local with PID 62357 (/Users/yangzihao/IdeaProjects/wiki/target/classes started by yangzihao in /Users/yangzihao/IdeaProjects/wiki)
2022-06-04 19:34:20.509 INFO  com.jiawa.wiki.config.WikiApplication             :640  [32m                  [0;39m No active profile set, falling back to 1 default profile: "default"
2022-06-04 19:34:20.585 INFO  o.s.boot.web.embedded.tomcat.TomcatWebServer      :108  [32m                  [0;39m Tomcat initialized with port(s): 8880 (http)
2022-06-04 19:34:20.585 INFO  org.apache.coyote.http11.Http11NioProtocol        :173  [32m                  [0;39m Initializing ProtocolHandler ["http-nio-8880"]
2022-06-04 19:34:20.585 INFO  org.apache.catalina.core.StandardService          :173  [32m                  [0;39m Starting service [Tomcat]
2022-06-04 19:34:20.585 INFO  org.apache.catalina.core.StandardEngine           :173  [32m                  [0;39m Starting Servlet engine: [Apache Tomcat/9.0.62]
2022-06-04 19:34:20.588 INFO  o.a.c.c.ContainerBase.[Tomcat-1].[localhost].[/]  :173  [32m                  [0;39m Initializing Spring embedded WebApplicationContext
2022-06-04 19:34:20.588 INFO  o.s.b.w.s.c.ServletWebServerApplicationContext    :290  [32m                  [0;39m Root WebApplicationContext: initialization completed in 77 ms
2022-06-04 19:34:20.634 INFO  o.s.b.d.autoconfigure.OptionalLiveReloadServer    :58   [32m                  [0;39m LiveReload server is running on port 35729
2022-06-04 19:34:20.636 INFO  org.apache.coyote.http11.Http11NioProtocol        :173  [32m                  [0;39m Starting ProtocolHandler ["http-nio-8880"]
2022-06-04 19:34:20.637 INFO  o.s.boot.web.embedded.tomcat.TomcatWebServer      :220  [32m                  [0;39m Tomcat started on port(s): 8880 (http) with context path ''
2022-06-04 19:34:20.639 INFO  com.jiawa.wiki.config.WikiApplication             :61   [32m                  [0;39m Started WikiApplication in 0.332 seconds (JVM running for 11499.867)
2022-06-04 19:34:20.639 INFO  o.s.b.d.a.ConditionEvaluationDeltaLoggingListener :63   [32m                  [0;39m Condition evaluation unchanged
2022-06-04 19:34:20.639 INFO  com.jiawa.wiki.config.WikiApplication             :22   [32m                  [0;39m 启动成功！！
2022-06-04 19:34:20.639 INFO  com.jiawa.wiki.config.WikiApplication             :23   [32m                  [0;39m 地址: 	http://127.0.0.1:8880
2022-06-04 19:34:55.423 INFO  com.jiawa.wiki.config.WikiApplication             :55   [32m                  [0;39m Starting WikiApplication using Java 17.0.2 on yangzihaos-MacBook-Pro.local with PID 62357 (/Users/yangzihao/IdeaProjects/wiki/target/classes started by yangzihao in /Users/yangzihao/IdeaProjects/wiki)
2022-06-04 19:34:55.423 INFO  com.jiawa.wiki.config.WikiApplication             :640  [32m                  [0;39m No active profile set, falling back to 1 default profile: "default"
2022-06-04 19:34:55.489 INFO  o.s.boot.web.embedded.tomcat.TomcatWebServer      :108  [32m                  [0;39m Tomcat initialized with port(s): 8880 (http)
2022-06-04 19:34:55.490 INFO  org.apache.coyote.http11.Http11NioProtocol        :173  [32m                  [0;39m Initializing ProtocolHandler ["http-nio-8880"]
2022-06-04 19:34:55.490 INFO  org.apache.catalina.core.StandardService          :173  [32m                  [0;39m Starting service [Tomcat]
2022-06-04 19:34:55.490 INFO  org.apache.catalina.core.StandardEngine           :173  [32m                  [0;39m Starting Servlet engine: [Apache Tomcat/9.0.62]
2022-06-04 19:34:55.492 INFO  o.a.c.c.ContainerBase.[Tomcat-1].[localhost].[/]  :173  [32m                  [0;39m Initializing Spring embedded WebApplicationContext
2022-06-04 19:34:55.492 INFO  o.s.b.w.s.c.ServletWebServerApplicationContext    :290  [32m                  [0;39m Root WebApplicationContext: initialization completed in 68 ms
2022-06-04 19:34:55.544 INFO  o.s.b.d.autoconfigure.OptionalLiveReloadServer    :58   [32m                  [0;39m LiveReload server is running on port 35729
2022-06-04 19:34:55.547 INFO  org.apache.coyote.http11.Http11NioProtocol        :173  [32m                  [0;39m Starting ProtocolHandler ["http-nio-8880"]
2022-06-04 19:34:55.547 INFO  o.s.boot.web.embedded.tomcat.TomcatWebServer      :220  [32m                  [0;39m Tomcat started on port(s): 8880 (http) with context path ''
2022-06-04 19:34:55.549 INFO  com.jiawa.wiki.config.WikiApplication             :61   [32m                  [0;39m Started WikiApplication in 0.137 seconds (JVM running for 11534.777)
2022-06-04 19:34:55.549 INFO  o.s.b.d.a.ConditionEvaluationDeltaLoggingListener :63   [32m                  [0;39m Condition evaluation unchanged
2022-06-04 19:34:55.549 INFO  com.jiawa.wiki.config.WikiApplication             :22   [32m                  [0;39m 启动成功！！
2022-06-04 19:34:55.550 INFO  com.jiawa.wiki.config.WikiApplication             :23   [32m                  [0;39m 地址: 	http://127.0.0.1:8880
2022-06-04 19:35:24.309 INFO  com.jiawa.wiki.config.WikiApplication             :55   [32m                  [0;39m Starting WikiApplication using Java 17.0.2 on yangzihaos-MacBook-Pro.local with PID 62357 (/Users/yangzihao/IdeaProjects/wiki/target/classes started by yangzihao in /Users/yangzihao/IdeaProjects/wiki)
2022-06-04 19:35:24.309 INFO  com.jiawa.wiki.config.WikiApplication             :640  [32m                  [0;39m No active profile set, falling back to 1 default profile: "default"
2022-06-04 19:35:24.375 INFO  o.s.boot.web.embedded.tomcat.TomcatWebServer      :108  [32m                  [0;39m Tomcat initialized with port(s): 8880 (http)
2022-06-04 19:35:24.375 INFO  org.apache.coyote.http11.Http11NioProtocol        :173  [32m                  [0;39m Initializing ProtocolHandler ["http-nio-8880"]
2022-06-04 19:35:24.376 INFO  org.apache.catalina.core.StandardService          :173  [32m                  [0;39m Starting service [Tomcat]
2022-06-04 19:35:24.376 INFO  org.apache.catalina.core.StandardEngine           :173  [32m                  [0;39m Starting Servlet engine: [Apache Tomcat/9.0.62]
2022-06-04 19:35:24.379 INFO  o.a.c.c.ContainerBase.[Tomcat-1].[localhost].[/]  :173  [32m                  [0;39m Initializing Spring embedded WebApplicationContext
2022-06-04 19:35:24.379 INFO  o.s.b.w.s.c.ServletWebServerApplicationContext    :290  [32m                  [0;39m Root WebApplicationContext: initialization completed in 68 ms
2022-06-04 19:35:24.428 INFO  o.s.b.d.autoconfigure.OptionalLiveReloadServer    :58   [32m                  [0;39m LiveReload server is running on port 35729
2022-06-04 19:35:24.430 INFO  org.apache.coyote.http11.Http11NioProtocol        :173  [32m                  [0;39m Starting ProtocolHandler ["http-nio-8880"]
2022-06-04 19:35:24.431 INFO  o.s.boot.web.embedded.tomcat.TomcatWebServer      :220  [32m                  [0;39m Tomcat started on port(s): 8880 (http) with context path ''
2022-06-04 19:35:24.432 INFO  com.jiawa.wiki.config.WikiApplication             :61   [32m                  [0;39m Started WikiApplication in 0.141 seconds (JVM running for 11563.661)
2022-06-04 19:35:24.433 INFO  o.s.b.d.a.ConditionEvaluationDeltaLoggingListener :63   [32m                  [0;39m Condition evaluation unchanged
2022-06-04 19:35:24.433 INFO  com.jiawa.wiki.config.WikiApplication             :22   [32m                  [0;39m 启动成功！！
2022-06-04 19:35:24.433 INFO  com.jiawa.wiki.config.WikiApplication             :23   [32m                  [0;39m 地址: 	http://127.0.0.1:8880
2022-06-04 19:35:41.395 INFO  o.a.c.c.ContainerBase.[Tomcat-1].[localhost].[/]  :173  [32m                  [0;39m Initializing Spring DispatcherServlet 'dispatcherServlet'
2022-06-04 19:35:41.395 INFO  org.springframework.web.servlet.DispatcherServlet :525  [32m                  [0;39m Initializing Servlet 'dispatcherServlet'
2022-06-04 19:35:41.396 INFO  org.springframework.web.servlet.DispatcherServlet :547  [32m                  [0;39m Completed initialization in 1 ms
2022-06-04 19:35:41.400 INFO  com.zaxxer.hikari.HikariDataSource                :110  [32m                  [0;39m HikariPool-4 - Starting...
2022-06-04 19:35:41.417 INFO  com.zaxxer.hikari.HikariDataSource                :123  [32m                  [0;39m HikariPool-4 - Start completed.
2022-06-04 19:38:50.887 INFO  com.zaxxer.hikari.HikariDataSource                :350  [32m                  [0;39m HikariPool-4 - Shutdown initiated...
2022-06-04 19:38:50.892 INFO  com.zaxxer.hikari.HikariDataSource                :352  [32m                  [0;39m HikariPool-4 - Shutdown completed.
