2022-08-03 01:39:33.594 WARN  com.zaxxer.hikari.pool.HikariPool                 :788  [32m                  [0;39m HikariPool-1 - Thread starvation or clock leap detected (housekeeper delta=16m56s122ms).
2022-08-03 09:59:49.957 WARN  com.zaxxer.hikari.pool.HikariPool                 :788  [32m                  [0;39m HikariPool-1 - Thread starvation or clock leap detected (housekeeper delta=16m58s906ms).
2022-08-03 10:11:19.964 WARN  com.zaxxer.hikari.pool.HikariPool                 :788  [32m                  [0;39m HikariPool-1 - Thread starvation or clock leap detected (housekeeper delta=9m59s996ms).
2022-08-03 10:19:59.142 WARN  com.zaxxer.hikari.pool.HikariPool                 :788  [32m                  [0;39m HikariPool-1 - Thread starvation or clock leap detected (housekeeper delta=2m31s554ms).
2022-08-03 10:39:30.518 WARN  com.zaxxer.hikari.pool.HikariPool                 :788  [32m                  [0;39m HikariPool-1 - Thread starvation or clock leap detected (housekeeper delta=1m1s254ms).
2022-08-03 10:56:50.985 WARN  com.zaxxer.hikari.pool.HikariPool                 :788  [32m                  [0;39m HikariPool-1 - Thread starvation or clock leap detected (housekeeper delta=16m20s455ms).
2022-08-03 11:12:23.336 WARN  com.zaxxer.hikari.pool.HikariPool                 :788  [32m                  [0;39m HikariPool-1 - Thread starvation or clock leap detected (housekeeper delta=15m32s351ms).
2022-08-03 11:30:41.587 WARN  com.zaxxer.hikari.pool.HikariPool                 :788  [32m                  [0;39m HikariPool-1 - Thread starvation or clock leap detected (housekeeper delta=17m48s266ms).
2022-08-03 14:33:14.231 WARN  com.zaxxer.hikari.pool.HikariPool                 :780  [32m                  [0;39m HikariPool-1 - Retrograde clock change detected (housekeeper delta=29s866ms), soft-evicting connections from pool.
2022-08-03 16:23:48.865 WARN  com.zaxxer.hikari.pool.HikariPool                 :788  [32m                  [0;39m HikariPool-1 - Thread starvation or clock leap detected (housekeeper delta=1h10m34s424ms).
2022-08-03 17:14:37.491 WARN  com.zaxxer.hikari.pool.HikariPool                 :788  [32m                  [0;39m HikariPool-1 - Thread starvation or clock leap detected (housekeeper delta=50m48s626ms).
2022-08-03 17:36:36.302 WARN  com.zaxxer.hikari.pool.HikariPool                 :788  [32m                  [0;39m HikariPool-1 - Thread starvation or clock leap detected (housekeeper delta=21m58s811ms).
2022-08-03 17:49:14.023 INFO  com.zaxxer.hikari.HikariDataSource                :350  [32m                  [0;39m HikariPool-1 - Shutdown initiated...
2022-08-03 17:49:14.033 INFO  com.zaxxer.hikari.HikariDataSource                :352  [32m                  [0;39m HikariPool-1 - Shutdown completed.
2022-08-03 17:49:14.305 INFO  com.jiawa.wiki.config.WikiApplication             :55   [32m                  [0;39m Starting WikiApplication using Java 17.0.2 on yangzihaos-MacBook-Pro.local with PID 34052 (/Users/yangzihao/IdeaProjects/wiki/target/classes started by yangzihao in /Users/yangzihao/IdeaProjects/wiki)
2022-08-03 17:49:14.305 INFO  com.jiawa.wiki.config.WikiApplication             :640  [32m                  [0;39m No active profile set, falling back to 1 default profile: "default"
2022-08-03 17:49:14.416 INFO  o.s.boot.web.embedded.tomcat.TomcatWebServer      :108  [32m                  [0;39m Tomcat initialized with port(s): 8880 (http)
2022-08-03 17:49:14.417 INFO  org.apache.coyote.http11.Http11NioProtocol        :173  [32m                  [0;39m Initializing ProtocolHandler ["http-nio-8880"]
2022-08-03 17:49:14.417 INFO  org.apache.catalina.core.StandardService          :173  [32m                  [0;39m Starting service [Tomcat]
2022-08-03 17:49:14.417 INFO  org.apache.catalina.core.StandardEngine           :173  [32m                  [0;39m Starting Servlet engine: [Apache Tomcat/9.0.62]
2022-08-03 17:49:14.420 INFO  o.a.c.core.ContainerBase.[Tomcat].[localhost].[/] :173  [32m                  [0;39m Initializing Spring embedded WebApplicationContext
2022-08-03 17:49:14.420 INFO  o.s.b.w.s.c.ServletWebServerApplicationContext    :290  [32m                  [0;39m Root WebApplicationContext: initialization completed in 111 ms
2022-08-03 17:49:14.492 INFO  o.s.b.d.autoconfigure.OptionalLiveReloadServer    :58   [32m                  [0;39m LiveReload server is running on port 35729
2022-08-03 17:49:14.496 INFO  org.apache.coyote.http11.Http11NioProtocol        :173  [32m                  [0;39m Starting ProtocolHandler ["http-nio-8880"]
2022-08-03 17:49:14.497 INFO  o.s.boot.web.embedded.tomcat.TomcatWebServer      :220  [32m                  [0;39m Tomcat started on port(s): 8880 (http) with context path ''
2022-08-03 17:49:14.499 INFO  com.jiawa.wiki.config.WikiApplication             :61   [32m                  [0;39m Started WikiApplication in 0.428 seconds (JVM running for 51331.966)
2022-08-03 17:49:14.499 INFO  o.s.b.d.a.ConditionEvaluationDeltaLoggingListener :63   [32m                  [0;39m Condition evaluation unchanged
2022-08-03 17:49:14.500 INFO  com.jiawa.wiki.config.WikiApplication             :22   [32m                  [0;39m 启动成功！！
2022-08-03 17:49:14.500 INFO  com.jiawa.wiki.config.WikiApplication             :23   [32m                  [0;39m 地址: 	http://127.0.0.1:8880
2022-08-03 18:01:28.275 INFO  com.jiawa.wiki.config.WikiApplication             :55   [32m                  [0;39m Starting WikiApplication using Java 17.0.2 on yangzihaos-MacBook-Pro.local with PID 36264 (/Users/yangzihao/IdeaProjects/wiki/target/classes started by yangzihao in /Users/yangzihao/IdeaProjects/wiki)
2022-08-03 18:01:28.276 INFO  com.jiawa.wiki.config.WikiApplication             :640  [32m                  [0;39m No active profile set, falling back to 1 default profile: "default"
2022-08-03 18:01:28.301 INFO  o.s.b.d.env.DevToolsPropertyDefaultsPostProcessor :255  [32m                  [0;39m Devtools property defaults active! Set 'spring.devtools.add-properties' to 'false' to disable
2022-08-03 18:01:28.301 INFO  o.s.b.d.env.DevToolsPropertyDefaultsPostProcessor :255  [32m                  [0;39m For additional web related logging consider setting the 'logging.level.web' property to 'DEBUG'
2022-08-03 18:01:28.670 INFO  o.s.boot.web.embedded.tomcat.TomcatWebServer      :108  [32m                  [0;39m Tomcat initialized with port(s): 8880 (http)
2022-08-03 18:01:28.674 INFO  org.apache.coyote.http11.Http11NioProtocol        :173  [32m                  [0;39m Initializing ProtocolHandler ["http-nio-8880"]
2022-08-03 18:01:28.674 INFO  org.apache.catalina.core.StandardService          :173  [32m                  [0;39m Starting service [Tomcat]
2022-08-03 18:01:28.674 INFO  org.apache.catalina.core.StandardEngine           :173  [32m                  [0;39m Starting Servlet engine: [Apache Tomcat/9.0.62]
2022-08-03 18:01:28.692 INFO  o.a.c.core.ContainerBase.[Tomcat].[localhost].[/] :173  [32m                  [0;39m Initializing Spring embedded WebApplicationContext
2022-08-03 18:01:28.692 INFO  o.s.b.w.s.c.ServletWebServerApplicationContext    :290  [32m                  [0;39m Root WebApplicationContext: initialization completed in 391 ms
2022-08-03 18:01:28.910 INFO  o.s.b.d.autoconfigure.OptionalLiveReloadServer    :58   [32m                  [0;39m LiveReload server is running on port 35729
2022-08-03 18:01:28.920 INFO  org.apache.coyote.http11.Http11NioProtocol        :173  [32m                  [0;39m Starting ProtocolHandler ["http-nio-8880"]
2022-08-03 18:01:28.926 INFO  o.s.boot.web.embedded.tomcat.TomcatWebServer      :220  [32m                  [0;39m Tomcat started on port(s): 8880 (http) with context path ''
2022-08-03 18:01:28.931 INFO  com.jiawa.wiki.config.WikiApplication             :61   [32m                  [0;39m Started WikiApplication in 0.993 seconds (JVM running for 1.138)
2022-08-03 18:01:28.933 INFO  com.jiawa.wiki.config.WikiApplication             :22   [32m                  [0;39m 启动成功！！
2022-08-03 18:01:28.933 INFO  com.jiawa.wiki.config.WikiApplication             :23   [32m                  [0;39m 地址: 	http://127.0.0.1:8880
2022-08-03 18:01:57.521 INFO  o.a.c.core.ContainerBase.[Tomcat].[localhost].[/] :173  [32m                  [0;39m Initializing Spring DispatcherServlet 'dispatcherServlet'
2022-08-03 18:01:57.521 INFO  org.springframework.web.servlet.DispatcherServlet :525  [32m                  [0;39m Initializing Servlet 'dispatcherServlet'
2022-08-03 18:01:57.521 INFO  org.springframework.web.servlet.DispatcherServlet :547  [32m                  [0;39m Completed initialization in 0 ms
2022-08-03 18:01:57.524 INFO  com.jiawa.wiki.filter.LogFilter                   :25   [32m                  [0;39m ------------- LogFilter 开始 -------------
2022-08-03 18:01:57.524 INFO  com.jiawa.wiki.filter.LogFilter                   :26   [32m                  [0;39m 请求地址: http://localhost:8880/test/list GET
2022-08-03 18:01:57.524 INFO  com.jiawa.wiki.filter.LogFilter                   :27   [32m                  [0;39m 远程地址: 127.0.0.1
2022-08-03 18:01:57.535 INFO  com.zaxxer.hikari.HikariDataSource                :110  [32m                  [0;39m HikariPool-1 - Starting...
2022-08-03 18:01:57.658 INFO  com.zaxxer.hikari.HikariDataSource                :123  [32m                  [0;39m HikariPool-1 - Start completed.
2022-08-03 18:01:57.703 INFO  com.jiawa.wiki.filter.LogFilter                   :31   [32m                  [0;39m ------------- LogFilter 结束 耗时：179 ms -------------
2022-08-03 18:07:35.405 INFO  com.zaxxer.hikari.HikariDataSource                :350  [32m                  [0;39m HikariPool-1 - Shutdown initiated...
2022-08-03 18:07:35.408 INFO  com.zaxxer.hikari.HikariDataSource                :352  [32m                  [0;39m HikariPool-1 - Shutdown completed.
2022-08-03 18:07:35.595 INFO  com.jiawa.wiki.config.WikiApplication             :55   [32m                  [0;39m Starting WikiApplication using Java 17.0.2 on yangzihaos-MacBook-Pro.local with PID 36264 (/Users/yangzihao/IdeaProjects/wiki/target/classes started by yangzihao in /Users/yangzihao/IdeaProjects/wiki)
2022-08-03 18:07:35.595 INFO  com.jiawa.wiki.config.WikiApplication             :640  [32m                  [0;39m No active profile set, falling back to 1 default profile: "default"
2022-08-03 18:07:35.672 INFO  o.s.boot.web.embedded.tomcat.TomcatWebServer      :108  [32m                  [0;39m Tomcat initialized with port(s): 8880 (http)
2022-08-03 18:07:35.673 INFO  org.apache.coyote.http11.Http11NioProtocol        :173  [32m                  [0;39m Initializing ProtocolHandler ["http-nio-8880"]
2022-08-03 18:07:35.673 INFO  org.apache.catalina.core.StandardService          :173  [32m                  [0;39m Starting service [Tomcat]
2022-08-03 18:07:35.673 INFO  org.apache.catalina.core.StandardEngine           :173  [32m                  [0;39m Starting Servlet engine: [Apache Tomcat/9.0.62]
2022-08-03 18:07:35.677 INFO  o.a.c.core.ContainerBase.[Tomcat].[localhost].[/] :173  [32m                  [0;39m Initializing Spring embedded WebApplicationContext
2022-08-03 18:07:35.677 INFO  o.s.b.w.s.c.ServletWebServerApplicationContext    :290  [32m                  [0;39m Root WebApplicationContext: initialization completed in 80 ms
2022-08-03 18:07:35.747 INFO  o.s.b.d.autoconfigure.OptionalLiveReloadServer    :58   [32m                  [0;39m LiveReload server is running on port 35729
2022-08-03 18:07:35.750 INFO  org.apache.coyote.http11.Http11NioProtocol        :173  [32m                  [0;39m Starting ProtocolHandler ["http-nio-8880"]
2022-08-03 18:07:35.751 INFO  o.s.boot.web.embedded.tomcat.TomcatWebServer      :220  [32m                  [0;39m Tomcat started on port(s): 8880 (http) with context path ''
2022-08-03 18:07:35.753 INFO  com.jiawa.wiki.config.WikiApplication             :61   [32m                  [0;39m Started WikiApplication in 0.324 seconds (JVM running for 367.885)
2022-08-03 18:07:35.754 INFO  o.s.b.d.a.ConditionEvaluationDeltaLoggingListener :63   [32m                  [0;39m Condition evaluation unchanged
2022-08-03 18:07:35.754 INFO  com.jiawa.wiki.config.WikiApplication             :22   [32m                  [0;39m 启动成功！！
2022-08-03 18:07:35.754 INFO  com.jiawa.wiki.config.WikiApplication             :23   [32m                  [0;39m 地址: 	http://127.0.0.1:8880
2022-08-03 18:07:55.433 INFO  com.jiawa.wiki.config.WikiApplication             :55   [32m                  [0;39m Starting WikiApplication using Java 17.0.2 on yangzihaos-MacBook-Pro.local with PID 36264 (/Users/yangzihao/IdeaProjects/wiki/target/classes started by yangzihao in /Users/yangzihao/IdeaProjects/wiki)
2022-08-03 18:07:55.433 INFO  com.jiawa.wiki.config.WikiApplication             :640  [32m                  [0;39m No active profile set, falling back to 1 default profile: "default"
2022-08-03 18:07:55.499 INFO  o.s.boot.web.embedded.tomcat.TomcatWebServer      :108  [32m                  [0;39m Tomcat initialized with port(s): 8880 (http)
2022-08-03 18:07:55.499 INFO  org.apache.coyote.http11.Http11NioProtocol        :173  [32m                  [0;39m Initializing ProtocolHandler ["http-nio-8880"]
2022-08-03 18:07:55.499 INFO  org.apache.catalina.core.StandardService          :173  [32m                  [0;39m Starting service [Tomcat]
2022-08-03 18:07:55.500 INFO  org.apache.catalina.core.StandardEngine           :173  [32m                  [0;39m Starting Servlet engine: [Apache Tomcat/9.0.62]
2022-08-03 18:07:55.502 INFO  o.a.c.core.ContainerBase.[Tomcat].[localhost].[/] :173  [32m                  [0;39m Initializing Spring embedded WebApplicationContext
2022-08-03 18:07:55.502 INFO  o.s.b.w.s.c.ServletWebServerApplicationContext    :290  [32m                  [0;39m Root WebApplicationContext: initialization completed in 68 ms
2022-08-03 18:07:55.562 INFO  o.s.b.d.autoconfigure.OptionalLiveReloadServer    :58   [32m                  [0;39m LiveReload server is running on port 35729
2022-08-03 18:07:55.565 INFO  org.apache.coyote.http11.Http11NioProtocol        :173  [32m                  [0;39m Starting ProtocolHandler ["http-nio-8880"]
2022-08-03 18:07:55.566 INFO  o.s.boot.web.embedded.tomcat.TomcatWebServer      :220  [32m                  [0;39m Tomcat started on port(s): 8880 (http) with context path ''
2022-08-03 18:07:55.567 INFO  com.jiawa.wiki.config.WikiApplication             :61   [32m                  [0;39m Started WikiApplication in 0.15 seconds (JVM running for 387.698)
2022-08-03 18:07:55.568 INFO  o.s.b.d.a.ConditionEvaluationDeltaLoggingListener :63   [32m                  [0;39m Condition evaluation unchanged
2022-08-03 18:07:55.568 INFO  com.jiawa.wiki.config.WikiApplication             :22   [32m                  [0;39m 启动成功！！
2022-08-03 18:07:55.568 INFO  com.jiawa.wiki.config.WikiApplication             :23   [32m                  [0;39m 地址: 	http://127.0.0.1:8880
2022-08-03 18:08:50.646 INFO  com.jiawa.wiki.config.WikiApplication             :55   [32m                  [0;39m Starting WikiApplication using Java 17.0.2 on yangzihaos-MacBook-Pro.local with PID 36264 (/Users/yangzihao/IdeaProjects/wiki/target/classes started by yangzihao in /Users/yangzihao/IdeaProjects/wiki)
2022-08-03 18:08:50.646 INFO  com.jiawa.wiki.config.WikiApplication             :640  [32m                  [0;39m No active profile set, falling back to 1 default profile: "default"
2022-08-03 18:08:50.711 INFO  o.s.boot.web.embedded.tomcat.TomcatWebServer      :108  [32m                  [0;39m Tomcat initialized with port(s): 8880 (http)
2022-08-03 18:08:50.711 INFO  org.apache.coyote.http11.Http11NioProtocol        :173  [32m                  [0;39m Initializing ProtocolHandler ["http-nio-8880"]
2022-08-03 18:08:50.711 INFO  org.apache.catalina.core.StandardService          :173  [32m                  [0;39m Starting service [Tomcat]
2022-08-03 18:08:50.711 INFO  org.apache.catalina.core.StandardEngine           :173  [32m                  [0;39m Starting Servlet engine: [Apache Tomcat/9.0.62]
2022-08-03 18:08:50.714 INFO  o.a.c.core.ContainerBase.[Tomcat].[localhost].[/] :173  [32m                  [0;39m Initializing Spring embedded WebApplicationContext
2022-08-03 18:08:50.714 INFO  o.s.b.w.s.c.ServletWebServerApplicationContext    :290  [32m                  [0;39m Root WebApplicationContext: initialization completed in 67 ms
2022-08-03 18:08:50.771 INFO  o.s.b.d.autoconfigure.OptionalLiveReloadServer    :58   [32m                  [0;39m LiveReload server is running on port 35729
2022-08-03 18:08:50.773 INFO  org.apache.coyote.http11.Http11NioProtocol        :173  [32m                  [0;39m Starting ProtocolHandler ["http-nio-8880"]
2022-08-03 18:08:50.774 INFO  o.s.boot.web.embedded.tomcat.TomcatWebServer      :220  [32m                  [0;39m Tomcat started on port(s): 8880 (http) with context path ''
2022-08-03 18:08:50.775 INFO  com.jiawa.wiki.config.WikiApplication             :61   [32m                  [0;39m Started WikiApplication in 0.146 seconds (JVM running for 442.905)
2022-08-03 18:08:50.776 INFO  o.s.b.d.a.ConditionEvaluationDeltaLoggingListener :63   [32m                  [0;39m Condition evaluation unchanged
2022-08-03 18:08:50.776 INFO  com.jiawa.wiki.config.WikiApplication             :22   [32m                  [0;39m 启动成功！！
2022-08-03 18:08:50.776 INFO  com.jiawa.wiki.config.WikiApplication             :23   [32m                  [0;39m 地址: 	http://127.0.0.1:8880
2022-08-03 18:09:42.093 INFO  com.jiawa.wiki.config.WikiApplication             :55   [32m                  [0;39m Starting WikiApplication using Java 17.0.2 on yangzihaos-MacBook-Pro.local with PID 36264 (/Users/yangzihao/IdeaProjects/wiki/target/classes started by yangzihao in /Users/yangzihao/IdeaProjects/wiki)
2022-08-03 18:09:42.093 INFO  com.jiawa.wiki.config.WikiApplication             :640  [32m                  [0;39m No active profile set, falling back to 1 default profile: "default"
2022-08-03 18:09:42.165 INFO  o.s.boot.web.embedded.tomcat.TomcatWebServer      :108  [32m                  [0;39m Tomcat initialized with port(s): 8880 (http)
2022-08-03 18:09:42.165 INFO  org.apache.coyote.http11.Http11NioProtocol        :173  [32m                  [0;39m Initializing ProtocolHandler ["http-nio-8880"]
2022-08-03 18:09:42.165 INFO  org.apache.catalina.core.StandardService          :173  [32m                  [0;39m Starting service [Tomcat]
2022-08-03 18:09:42.166 INFO  org.apache.catalina.core.StandardEngine           :173  [32m                  [0;39m Starting Servlet engine: [Apache Tomcat/9.0.62]
2022-08-03 18:09:42.169 INFO  o.a.c.core.ContainerBase.[Tomcat].[localhost].[/] :173  [32m                  [0;39m Initializing Spring embedded WebApplicationContext
2022-08-03 18:09:42.169 INFO  o.s.b.w.s.c.ServletWebServerApplicationContext    :290  [32m                  [0;39m Root WebApplicationContext: initialization completed in 75 ms
2022-08-03 18:09:42.245 INFO  o.s.b.d.autoconfigure.OptionalLiveReloadServer    :58   [32m                  [0;39m LiveReload server is running on port 35729
2022-08-03 18:09:42.247 INFO  org.apache.coyote.http11.Http11NioProtocol        :173  [32m                  [0;39m Starting ProtocolHandler ["http-nio-8880"]
2022-08-03 18:09:42.249 INFO  o.s.boot.web.embedded.tomcat.TomcatWebServer      :220  [32m                  [0;39m Tomcat started on port(s): 8880 (http) with context path ''
2022-08-03 18:09:42.250 INFO  com.jiawa.wiki.config.WikiApplication             :61   [32m                  [0;39m Started WikiApplication in 0.504 seconds (JVM running for 494.379)
2022-08-03 18:09:42.251 INFO  o.s.b.d.a.ConditionEvaluationDeltaLoggingListener :63   [32m                  [0;39m Condition evaluation unchanged
2022-08-03 18:09:42.251 INFO  com.jiawa.wiki.config.WikiApplication             :22   [32m                  [0;39m 启动成功！！
2022-08-03 18:09:42.252 INFO  com.jiawa.wiki.config.WikiApplication             :23   [32m                  [0;39m 地址: 	http://127.0.0.1:8880
2022-08-03 18:09:50.793 INFO  com.jiawa.wiki.config.WikiApplication             :55   [32m                  [0;39m Starting WikiApplication using Java 17.0.2 on yangzihaos-MacBook-Pro.local with PID 36264 (/Users/yangzihao/IdeaProjects/wiki/target/classes started by yangzihao in /Users/yangzihao/IdeaProjects/wiki)
2022-08-03 18:09:50.794 INFO  com.jiawa.wiki.config.WikiApplication             :640  [32m                  [0;39m No active profile set, falling back to 1 default profile: "default"
2022-08-03 18:09:50.855 INFO  o.s.boot.web.embedded.tomcat.TomcatWebServer      :108  [32m                  [0;39m Tomcat initialized with port(s): 8880 (http)
2022-08-03 18:09:50.855 INFO  org.apache.coyote.http11.Http11NioProtocol        :173  [32m                  [0;39m Initializing ProtocolHandler ["http-nio-8880"]
2022-08-03 18:09:50.855 INFO  org.apache.catalina.core.StandardService          :173  [32m                  [0;39m Starting service [Tomcat]
2022-08-03 18:09:50.855 INFO  org.apache.catalina.core.StandardEngine           :173  [32m                  [0;39m Starting Servlet engine: [Apache Tomcat/9.0.62]
2022-08-03 18:09:50.858 INFO  o.a.c.core.ContainerBase.[Tomcat].[localhost].[/] :173  [32m                  [0;39m Initializing Spring embedded WebApplicationContext
2022-08-03 18:09:50.858 INFO  o.s.b.w.s.c.ServletWebServerApplicationContext    :290  [32m                  [0;39m Root WebApplicationContext: initialization completed in 63 ms
2022-08-03 18:09:50.914 INFO  o.s.b.d.autoconfigure.OptionalLiveReloadServer    :58   [32m                  [0;39m LiveReload server is running on port 35729
2022-08-03 18:09:50.917 INFO  org.apache.coyote.http11.Http11NioProtocol        :173  [32m                  [0;39m Starting ProtocolHandler ["http-nio-8880"]
2022-08-03 18:09:50.918 INFO  o.s.boot.web.embedded.tomcat.TomcatWebServer      :220  [32m                  [0;39m Tomcat started on port(s): 8880 (http) with context path ''
2022-08-03 18:09:50.920 INFO  com.jiawa.wiki.config.WikiApplication             :61   [32m                  [0;39m Started WikiApplication in 0.138 seconds (JVM running for 503.048)
2022-08-03 18:09:50.920 INFO  o.s.b.d.a.ConditionEvaluationDeltaLoggingListener :63   [32m                  [0;39m Condition evaluation unchanged
2022-08-03 18:09:50.920 INFO  com.jiawa.wiki.config.WikiApplication             :22   [32m                  [0;39m 启动成功！！
2022-08-03 18:09:50.920 INFO  com.jiawa.wiki.config.WikiApplication             :23   [32m                  [0;39m 地址: 	http://127.0.0.1:8880
2022-08-03 18:10:16.650 INFO  com.jiawa.wiki.config.WikiApplication             :55   [32m                  [0;39m Starting WikiApplication using Java 17.0.2 on yangzihaos-MacBook-Pro.local with PID 36264 (/Users/yangzihao/IdeaProjects/wiki/target/classes started by yangzihao in /Users/yangzihao/IdeaProjects/wiki)
2022-08-03 18:10:16.650 INFO  com.jiawa.wiki.config.WikiApplication             :640  [32m                  [0;39m No active profile set, falling back to 1 default profile: "default"
2022-08-03 18:10:16.723 INFO  o.s.boot.web.embedded.tomcat.TomcatWebServer      :108  [32m                  [0;39m Tomcat initialized with port(s): 8880 (http)
2022-08-03 18:10:16.723 INFO  org.apache.coyote.http11.Http11NioProtocol        :173  [32m                  [0;39m Initializing ProtocolHandler ["http-nio-8880"]
2022-08-03 18:10:16.724 INFO  org.apache.catalina.core.StandardService          :173  [32m                  [0;39m Starting service [Tomcat]
2022-08-03 18:10:16.724 INFO  org.apache.catalina.core.StandardEngine           :173  [32m                  [0;39m Starting Servlet engine: [Apache Tomcat/9.0.62]
2022-08-03 18:10:16.727 INFO  o.a.c.core.ContainerBase.[Tomcat].[localhost].[/] :173  [32m                  [0;39m Initializing Spring embedded WebApplicationContext
2022-08-03 18:10:16.727 INFO  o.s.b.w.s.c.ServletWebServerApplicationContext    :290  [32m                  [0;39m Root WebApplicationContext: initialization completed in 76 ms
2022-08-03 18:10:16.785 INFO  o.s.b.d.autoconfigure.OptionalLiveReloadServer    :58   [32m                  [0;39m LiveReload server is running on port 35729
2022-08-03 18:10:16.788 INFO  org.apache.coyote.http11.Http11NioProtocol        :173  [32m                  [0;39m Starting ProtocolHandler ["http-nio-8880"]
2022-08-03 18:10:16.789 INFO  o.s.boot.web.embedded.tomcat.TomcatWebServer      :220  [32m                  [0;39m Tomcat started on port(s): 8880 (http) with context path ''
2022-08-03 18:10:16.791 INFO  com.jiawa.wiki.config.WikiApplication             :61   [32m                  [0;39m Started WikiApplication in 0.164 seconds (JVM running for 528.919)
2022-08-03 18:10:16.792 INFO  o.s.b.d.a.ConditionEvaluationDeltaLoggingListener :63   [32m                  [0;39m Condition evaluation unchanged
2022-08-03 18:10:16.792 INFO  com.jiawa.wiki.config.WikiApplication             :22   [32m                  [0;39m 启动成功！！
2022-08-03 18:10:16.792 INFO  com.jiawa.wiki.config.WikiApplication             :23   [32m                  [0;39m 地址: 	http://127.0.0.1:8880
2022-08-03 18:13:49.733 INFO  com.jiawa.wiki.config.WikiApplication             :55   [32m                  [0;39m Starting WikiApplication using Java 17.0.2 on yangzihaos-MacBook-Pro.local with PID 36264 (/Users/yangzihao/IdeaProjects/wiki/target/classes started by yangzihao in /Users/yangzihao/IdeaProjects/wiki)
2022-08-03 18:13:49.734 INFO  com.jiawa.wiki.config.WikiApplication             :640  [32m                  [0;39m No active profile set, falling back to 1 default profile: "default"
2022-08-03 18:13:49.818 INFO  o.s.boot.web.embedded.tomcat.TomcatWebServer      :108  [32m                  [0;39m Tomcat initialized with port(s): 8880 (http)
2022-08-03 18:13:49.818 INFO  org.apache.coyote.http11.Http11NioProtocol        :173  [32m                  [0;39m Initializing ProtocolHandler ["http-nio-8880"]
2022-08-03 18:13:49.818 INFO  org.apache.catalina.core.StandardService          :173  [32m                  [0;39m Starting service [Tomcat]
2022-08-03 18:13:49.818 INFO  org.apache.catalina.core.StandardEngine           :173  [32m                  [0;39m Starting Servlet engine: [Apache Tomcat/9.0.62]
2022-08-03 18:13:49.821 INFO  o.a.c.core.ContainerBase.[Tomcat].[localhost].[/] :173  [32m                  [0;39m Initializing Spring embedded WebApplicationContext
2022-08-03 18:13:49.821 INFO  o.s.b.w.s.c.ServletWebServerApplicationContext    :290  [32m                  [0;39m Root WebApplicationContext: initialization completed in 85 ms
2022-08-03 18:13:49.873 INFO  o.s.b.d.autoconfigure.OptionalLiveReloadServer    :58   [32m                  [0;39m LiveReload server is running on port 35729
2022-08-03 18:13:49.875 INFO  org.apache.coyote.http11.Http11NioProtocol        :173  [32m                  [0;39m Starting ProtocolHandler ["http-nio-8880"]
2022-08-03 18:13:49.876 INFO  o.s.boot.web.embedded.tomcat.TomcatWebServer      :220  [32m                  [0;39m Tomcat started on port(s): 8880 (http) with context path ''
2022-08-03 18:13:49.878 INFO  com.jiawa.wiki.config.WikiApplication             :61   [32m                  [0;39m Started WikiApplication in 0.323 seconds (JVM running for 742.001)
2022-08-03 18:13:49.878 INFO  o.s.b.d.a.ConditionEvaluationDeltaLoggingListener :63   [32m                  [0;39m Condition evaluation unchanged
2022-08-03 18:13:49.878 INFO  com.jiawa.wiki.config.WikiApplication             :22   [32m                  [0;39m 启动成功！！
2022-08-03 18:13:49.879 INFO  com.jiawa.wiki.config.WikiApplication             :23   [32m                  [0;39m 地址: 	http://127.0.0.1:8880
2022-08-03 18:14:01.468 INFO  com.jiawa.wiki.config.WikiApplication             :55   [32m                  [0;39m Starting WikiApplication using Java 17.0.2 on yangzihaos-MacBook-Pro.local with PID 36264 (/Users/yangzihao/IdeaProjects/wiki/target/classes started by yangzihao in /Users/yangzihao/IdeaProjects/wiki)
2022-08-03 18:14:01.468 INFO  com.jiawa.wiki.config.WikiApplication             :640  [32m                  [0;39m No active profile set, falling back to 1 default profile: "default"
2022-08-03 18:14:01.533 INFO  o.s.boot.web.embedded.tomcat.TomcatWebServer      :108  [32m                  [0;39m Tomcat initialized with port(s): 8880 (http)
2022-08-03 18:14:01.533 INFO  org.apache.coyote.http11.Http11NioProtocol        :173  [32m                  [0;39m Initializing ProtocolHandler ["http-nio-8880"]
2022-08-03 18:14:01.533 INFO  org.apache.catalina.core.StandardService          :173  [32m                  [0;39m Starting service [Tomcat]
2022-08-03 18:14:01.533 INFO  org.apache.catalina.core.StandardEngine           :173  [32m                  [0;39m Starting Servlet engine: [Apache Tomcat/9.0.62]
2022-08-03 18:14:01.535 INFO  o.a.c.core.ContainerBase.[Tomcat].[localhost].[/] :173  [32m                  [0;39m Initializing Spring embedded WebApplicationContext
2022-08-03 18:14:01.535 INFO  o.s.b.w.s.c.ServletWebServerApplicationContext    :290  [32m                  [0;39m Root WebApplicationContext: initialization completed in 66 ms
2022-08-03 18:14:01.586 INFO  o.s.b.d.autoconfigure.OptionalLiveReloadServer    :58   [32m                  [0;39m LiveReload server is running on port 35729
2022-08-03 18:14:01.589 INFO  org.apache.coyote.http11.Http11NioProtocol        :173  [32m                  [0;39m Starting ProtocolHandler ["http-nio-8880"]
2022-08-03 18:14:01.590 INFO  o.s.boot.web.embedded.tomcat.TomcatWebServer      :220  [32m                  [0;39m Tomcat started on port(s): 8880 (http) with context path ''
2022-08-03 18:14:01.591 INFO  com.jiawa.wiki.config.WikiApplication             :61   [32m                  [0;39m Started WikiApplication in 0.138 seconds (JVM running for 753.714)
2022-08-03 18:14:01.592 INFO  o.s.b.d.a.ConditionEvaluationDeltaLoggingListener :63   [32m                  [0;39m Condition evaluation unchanged
2022-08-03 18:14:01.592 INFO  com.jiawa.wiki.config.WikiApplication             :22   [32m                  [0;39m 启动成功！！
2022-08-03 18:14:01.592 INFO  com.jiawa.wiki.config.WikiApplication             :23   [32m                  [0;39m 地址: 	http://127.0.0.1:8880
2022-08-03 18:19:34.028 INFO  com.jiawa.wiki.config.WikiApplication             :55   [32m                  [0;39m Starting WikiApplication using Java 17.0.2 on yangzihaos-MacBook-Pro.local with PID 36264 (/Users/yangzihao/IdeaProjects/wiki/target/classes started by yangzihao in /Users/yangzihao/IdeaProjects/wiki)
2022-08-03 18:19:34.028 INFO  com.jiawa.wiki.config.WikiApplication             :640  [32m                  [0;39m No active profile set, falling back to 1 default profile: "default"
2022-08-03 18:19:34.122 INFO  o.s.boot.web.embedded.tomcat.TomcatWebServer      :108  [32m                  [0;39m Tomcat initialized with port(s): 8880 (http)
2022-08-03 18:19:34.123 INFO  org.apache.coyote.http11.Http11NioProtocol        :173  [32m                  [0;39m Initializing ProtocolHandler ["http-nio-8880"]
2022-08-03 18:19:34.123 INFO  org.apache.catalina.core.StandardService          :173  [32m                  [0;39m Starting service [Tomcat]
2022-08-03 18:19:34.123 INFO  org.apache.catalina.core.StandardEngine           :173  [32m                  [0;39m Starting Servlet engine: [Apache Tomcat/9.0.62]
2022-08-03 18:19:34.125 INFO  o.a.c.core.ContainerBase.[Tomcat].[localhost].[/] :173  [32m                  [0;39m Initializing Spring embedded WebApplicationContext
2022-08-03 18:19:34.125 INFO  o.s.b.w.s.c.ServletWebServerApplicationContext    :290  [32m                  [0;39m Root WebApplicationContext: initialization completed in 95 ms
2022-08-03 18:19:34.187 INFO  o.s.b.d.autoconfigure.OptionalLiveReloadServer    :58   [32m                  [0;39m LiveReload server is running on port 35729
2022-08-03 18:19:34.190 INFO  org.apache.coyote.http11.Http11NioProtocol        :173  [32m                  [0;39m Starting ProtocolHandler ["http-nio-8880"]
2022-08-03 18:19:34.190 INFO  o.s.boot.web.embedded.tomcat.TomcatWebServer      :220  [32m                  [0;39m Tomcat started on port(s): 8880 (http) with context path ''
2022-08-03 18:19:34.192 INFO  com.jiawa.wiki.config.WikiApplication             :61   [32m                  [0;39m Started WikiApplication in 0.358 seconds (JVM running for 1086.307)
2022-08-03 18:19:34.193 INFO  o.s.b.d.a.ConditionEvaluationDeltaLoggingListener :63   [32m                  [0;39m Condition evaluation unchanged
2022-08-03 18:19:34.193 INFO  com.jiawa.wiki.config.WikiApplication             :22   [32m                  [0;39m 启动成功！！
2022-08-03 18:19:34.193 INFO  com.jiawa.wiki.config.WikiApplication             :23   [32m                  [0;39m 地址: 	http://127.0.0.1:8880
2022-08-03 18:19:56.861 INFO  com.jiawa.wiki.config.WikiApplication             :55   [32m                  [0;39m Starting WikiApplication using Java 17.0.2 on yangzihaos-MacBook-Pro.local with PID 36264 (/Users/yangzihao/IdeaProjects/wiki/target/classes started by yangzihao in /Users/yangzihao/IdeaProjects/wiki)
2022-08-03 18:19:56.862 INFO  com.jiawa.wiki.config.WikiApplication             :640  [32m                  [0;39m No active profile set, falling back to 1 default profile: "default"
2022-08-03 18:19:56.921 INFO  o.s.boot.web.embedded.tomcat.TomcatWebServer      :108  [32m                  [0;39m Tomcat initialized with port(s): 8880 (http)
2022-08-03 18:19:56.922 INFO  org.apache.coyote.http11.Http11NioProtocol        :173  [32m                  [0;39m Initializing ProtocolHandler ["http-nio-8880"]
2022-08-03 18:19:56.922 INFO  org.apache.catalina.core.StandardService          :173  [32m                  [0;39m Starting service [Tomcat]
2022-08-03 18:19:56.922 INFO  org.apache.catalina.core.StandardEngine           :173  [32m                  [0;39m Starting Servlet engine: [Apache Tomcat/9.0.62]
2022-08-03 18:19:56.924 INFO  o.a.c.core.ContainerBase.[Tomcat].[localhost].[/] :173  [32m                  [0;39m Initializing Spring embedded WebApplicationContext
2022-08-03 18:19:56.924 INFO  o.s.b.w.s.c.ServletWebServerApplicationContext    :290  [32m                  [0;39m Root WebApplicationContext: initialization completed in 62 ms
2022-08-03 18:19:56.972 INFO  o.s.b.d.autoconfigure.OptionalLiveReloadServer    :58   [32m                  [0;39m LiveReload server is running on port 35729
2022-08-03 18:19:56.974 INFO  org.apache.coyote.http11.Http11NioProtocol        :173  [32m                  [0;39m Starting ProtocolHandler ["http-nio-8880"]
2022-08-03 18:19:56.975 INFO  o.s.boot.web.embedded.tomcat.TomcatWebServer      :220  [32m                  [0;39m Tomcat started on port(s): 8880 (http) with context path ''
2022-08-03 18:19:56.977 INFO  com.jiawa.wiki.config.WikiApplication             :61   [32m                  [0;39m Started WikiApplication in 0.127 seconds (JVM running for 1109.091)
2022-08-03 18:19:56.977 INFO  o.s.b.d.a.ConditionEvaluationDeltaLoggingListener :63   [32m                  [0;39m Condition evaluation unchanged
2022-08-03 18:19:56.977 INFO  com.jiawa.wiki.config.WikiApplication             :22   [32m                  [0;39m 启动成功！！
2022-08-03 18:19:56.978 INFO  com.jiawa.wiki.config.WikiApplication             :23   [32m                  [0;39m 地址: 	http://127.0.0.1:8880
2022-08-03 18:23:22.156 INFO  com.jiawa.wiki.config.WikiApplication             :55   [32m                  [0;39m Starting WikiApplication using Java 17.0.2 on yangzihaos-MacBook-Pro.local with PID 36264 (/Users/yangzihao/IdeaProjects/wiki/target/classes started by yangzihao in /Users/yangzihao/IdeaProjects/wiki)
2022-08-03 18:23:22.156 INFO  com.jiawa.wiki.config.WikiApplication             :640  [32m                  [0;39m No active profile set, falling back to 1 default profile: "default"
2022-08-03 18:23:22.218 INFO  o.s.boot.web.embedded.tomcat.TomcatWebServer      :108  [32m                  [0;39m Tomcat initialized with port(s): 8880 (http)
2022-08-03 18:23:22.219 INFO  org.apache.coyote.http11.Http11NioProtocol        :173  [32m                  [0;39m Initializing ProtocolHandler ["http-nio-8880"]
2022-08-03 18:23:22.219 INFO  org.apache.catalina.core.StandardService          :173  [32m                  [0;39m Starting service [Tomcat]
2022-08-03 18:23:22.219 INFO  org.apache.catalina.core.StandardEngine           :173  [32m                  [0;39m Starting Servlet engine: [Apache Tomcat/9.0.62]
2022-08-03 18:23:22.221 INFO  o.a.c.core.ContainerBase.[Tomcat].[localhost].[/] :173  [32m                  [0;39m Initializing Spring embedded WebApplicationContext
2022-08-03 18:23:22.221 INFO  o.s.b.w.s.c.ServletWebServerApplicationContext    :290  [32m                  [0;39m Root WebApplicationContext: initialization completed in 64 ms
2022-08-03 18:23:22.225 WARN  o.s.b.w.s.c.AnnotationConfigServletWebServerApplicationContext:591  [32m                  [0;39m Exception encountered during context initialization - cancelling refresh attempt: org.springframework.beans.factory.BeanCreationException: Error creating bean with name 'logAspect': Lookup method resolution failed; nested exception is java.lang.IllegalStateException: Failed to introspect Class [com.jiawa.wiki.aspect.LogAspect] from ClassLoader [org.springframework.boot.devtools.restart.classloader.RestartClassLoader@385cd1f1]
2022-08-03 18:23:22.225 INFO  org.apache.catalina.core.StandardService          :173  [32m                  [0;39m Stopping service [Tomcat]
2022-08-03 18:23:22.228 INFO  o.s.b.a.l.ConditionEvaluationReportLoggingListener:136  [32m                  [0;39m 

Error starting ApplicationContext. To display the conditions report re-run your application with 'debug' enabled.
2022-08-03 18:23:22.235 ERROR org.springframework.boot.SpringApplication        :830  [32m                  [0;39m Application run failed
org.springframework.beans.factory.BeanCreationException: Error creating bean with name 'logAspect': Lookup method resolution failed; nested exception is java.lang.IllegalStateException: Failed to introspect Class [com.jiawa.wiki.aspect.LogAspect] from ClassLoader [org.springframework.boot.devtools.restart.classloader.RestartClassLoader@385cd1f1]
	at org.springframework.beans.factory.annotation.AutowiredAnnotationBeanPostProcessor.determineCandidateConstructors(AutowiredAnnotationBeanPostProcessor.java:289)
	at org.springframework.beans.factory.support.AbstractAutowireCapableBeanFactory.determineConstructorsFromBeanPostProcessors(AbstractAutowireCapableBeanFactory.java:1302)
	at org.springframework.beans.factory.support.AbstractAutowireCapableBeanFactory.createBeanInstance(AbstractAutowireCapableBeanFactory.java:1219)
	at org.springframework.beans.factory.support.AbstractAutowireCapableBeanFactory.doCreateBean(AbstractAutowireCapableBeanFactory.java:582)
	at org.springframework.beans.factory.support.AbstractAutowireCapableBeanFactory.createBean(AbstractAutowireCapableBeanFactory.java:542)
	at org.springframework.beans.factory.support.AbstractBeanFactory.lambda$doGetBean$0(AbstractBeanFactory.java:335)
	at org.springframework.beans.factory.support.DefaultSingletonBeanRegistry.getSingleton(DefaultSingletonBeanRegistry.java:234)
	at org.springframework.beans.factory.support.AbstractBeanFactory.doGetBean(AbstractBeanFactory.java:333)
	at org.springframework.beans.factory.support.AbstractBeanFactory.getBean(AbstractBeanFactory.java:208)
	at org.springframework.beans.factory.support.DefaultListableBeanFactory.preInstantiateSingletons(DefaultListableBeanFactory.java:953)
	at org.springframework.context.support.AbstractApplicationContext.finishBeanFactoryInitialization(AbstractApplicationContext.java:918)
	at org.springframework.context.support.AbstractApplicationContext.refresh(AbstractApplicationContext.java:583)
	at org.springframework.boot.web.servlet.context.ServletWebServerApplicationContext.refresh(ServletWebServerApplicationContext.java:145)
	at org.springframework.boot.SpringApplication.refresh(SpringApplication.java:740)
	at org.springframework.boot.SpringApplication.refreshContext(SpringApplication.java:415)
	at org.springframework.boot.SpringApplication.run(SpringApplication.java:303)
	at com.jiawa.wiki.config.WikiApplication.main(WikiApplication.java:21)
	at java.base/jdk.internal.reflect.NativeMethodAccessorImpl.invoke0(Native Method)
	at java.base/jdk.internal.reflect.NativeMethodAccessorImpl.invoke(NativeMethodAccessorImpl.java:77)
	at java.base/jdk.internal.reflect.DelegatingMethodAccessorImpl.invoke(DelegatingMethodAccessorImpl.java:43)
	at java.base/java.lang.reflect.Method.invoke(Method.java:568)
	at org.springframework.boot.devtools.restart.RestartLauncher.run(RestartLauncher.java:49)
Caused by: java.lang.IllegalStateException: Failed to introspect Class [com.jiawa.wiki.aspect.LogAspect] from ClassLoader [org.springframework.boot.devtools.restart.classloader.RestartClassLoader@385cd1f1]
	at org.springframework.util.ReflectionUtils.getDeclaredMethods(ReflectionUtils.java:485)
	at org.springframework.util.ReflectionUtils.doWithLocalMethods(ReflectionUtils.java:321)
	at org.springframework.beans.factory.annotation.AutowiredAnnotationBeanPostProcessor.determineCandidateConstructors(AutowiredAnnotationBeanPostProcessor.java:267)
	... 21 common frames omitted
Caused by: java.lang.NoClassDefFoundError: org/aspectj/lang/JoinPoint
	at java.base/java.lang.Class.getDeclaredMethods0(Native Method)
	at java.base/java.lang.Class.privateGetDeclaredMethods(Class.java:3402)
	at java.base/java.lang.Class.getDeclaredMethods(Class.java:2504)
	at org.springframework.util.ReflectionUtils.getDeclaredMethods(ReflectionUtils.java:467)
	... 23 common frames omitted
Caused by: java.lang.ClassNotFoundException: org.aspectj.lang.JoinPoint
	at java.base/jdk.internal.loader.BuiltinClassLoader.loadClass(BuiltinClassLoader.java:641)
	at java.base/jdk.internal.loader.ClassLoaders$AppClassLoader.loadClass(ClassLoaders.java:188)
	at java.base/java.lang.ClassLoader.loadClass(ClassLoader.java:520)
	at java.base/java.lang.Class.forName0(Native Method)
	at java.base/java.lang.Class.forName(Class.java:467)
	at org.springframework.boot.devtools.restart.classloader.RestartClassLoader.loadClass(RestartClassLoader.java:145)
	at java.base/java.lang.ClassLoader.loadClass(ClassLoader.java:520)
	... 27 common frames omitted
2022-08-03 18:23:57.186 INFO  com.jiawa.wiki.config.WikiApplication             :55   [32m                  [0;39m Starting WikiApplication using Java 17.0.2 on yangzihaos-MacBook-Pro.local with PID 47305 (/Users/yangzihao/IdeaProjects/wiki/target/classes started by yangzihao in /Users/yangzihao/IdeaProjects/wiki)
2022-08-03 18:23:57.187 INFO  com.jiawa.wiki.config.WikiApplication             :640  [32m                  [0;39m No active profile set, falling back to 1 default profile: "default"
2022-08-03 18:23:57.210 INFO  o.s.b.d.env.DevToolsPropertyDefaultsPostProcessor :255  [32m                  [0;39m Devtools property defaults active! Set 'spring.devtools.add-properties' to 'false' to disable
2022-08-03 18:23:57.211 INFO  o.s.b.d.env.DevToolsPropertyDefaultsPostProcessor :255  [32m                  [0;39m For additional web related logging consider setting the 'logging.level.web' property to 'DEBUG'
2022-08-03 18:23:57.634 INFO  o.s.boot.web.embedded.tomcat.TomcatWebServer      :108  [32m                  [0;39m Tomcat initialized with port(s): 8880 (http)
2022-08-03 18:23:57.638 INFO  org.apache.coyote.http11.Http11NioProtocol        :173  [32m                  [0;39m Initializing ProtocolHandler ["http-nio-8880"]
2022-08-03 18:23:57.638 INFO  org.apache.catalina.core.StandardService          :173  [32m                  [0;39m Starting service [Tomcat]
2022-08-03 18:23:57.638 INFO  org.apache.catalina.core.StandardEngine           :173  [32m                  [0;39m Starting Servlet engine: [Apache Tomcat/9.0.62]
2022-08-03 18:23:57.655 INFO  o.a.c.core.ContainerBase.[Tomcat].[localhost].[/] :173  [32m                  [0;39m Initializing Spring embedded WebApplicationContext
2022-08-03 18:23:57.655 INFO  o.s.b.w.s.c.ServletWebServerApplicationContext    :290  [32m                  [0;39m Root WebApplicationContext: initialization completed in 444 ms
2022-08-03 18:23:57.983 INFO  o.s.b.d.autoconfigure.OptionalLiveReloadServer    :58   [32m                  [0;39m LiveReload server is running on port 35729
2022-08-03 18:23:57.989 INFO  org.apache.coyote.http11.Http11NioProtocol        :173  [32m                  [0;39m Starting ProtocolHandler ["http-nio-8880"]
2022-08-03 18:23:57.996 INFO  o.s.boot.web.embedded.tomcat.TomcatWebServer      :220  [32m                  [0;39m Tomcat started on port(s): 8880 (http) with context path ''
2022-08-03 18:23:58.001 INFO  com.jiawa.wiki.config.WikiApplication             :61   [32m                  [0;39m Started WikiApplication in 0.997 seconds (JVM running for 1.181)
2022-08-03 18:23:58.002 INFO  com.jiawa.wiki.config.WikiApplication             :22   [32m                  [0;39m 启动成功！！
2022-08-03 18:23:58.002 INFO  com.jiawa.wiki.config.WikiApplication             :23   [32m                  [0;39m 地址: 	http://127.0.0.1:8880
2022-08-03 18:24:58.874 INFO  o.a.c.core.ContainerBase.[Tomcat].[localhost].[/] :173  [32m                  [0;39m Initializing Spring DispatcherServlet 'dispatcherServlet'
2022-08-03 18:24:58.874 INFO  org.springframework.web.servlet.DispatcherServlet :525  [32m                  [0;39m Initializing Servlet 'dispatcherServlet'
2022-08-03 18:24:58.875 INFO  org.springframework.web.servlet.DispatcherServlet :547  [32m                  [0;39m Completed initialization in 1 ms
2022-08-03 18:24:58.877 INFO  com.jiawa.wiki.filter.LogFilter                   :25   [32m                  [0;39m ------------- LogFilter 开始 -------------
2022-08-03 18:24:58.877 INFO  com.jiawa.wiki.filter.LogFilter                   :26   [32m                  [0;39m 请求地址: http://localhost:8880/test/list GET
2022-08-03 18:24:58.877 INFO  com.jiawa.wiki.filter.LogFilter                   :27   [32m                  [0;39m 远程地址: 127.0.0.1
2022-08-03 18:24:58.881 INFO  com.jiawa.wiki.interceptor.LogInterceptor         :23   [32m                  [0;39m ------------- LogInterceptor 开始 -------------
2022-08-03 18:24:58.881 INFO  com.jiawa.wiki.interceptor.LogInterceptor         :24   [32m                  [0;39m 请求地址: http://localhost:8880/test/list GET
2022-08-03 18:24:58.881 INFO  com.jiawa.wiki.interceptor.LogInterceptor         :25   [32m                  [0;39m 远程地址: 127.0.0.1
2022-08-03 18:24:58.884 INFO  com.jiawa.wiki.aspect.LogAspect                   :40   [32m                  [0;39m ------------- 开始 -------------
2022-08-03 18:24:58.884 INFO  com.jiawa.wiki.aspect.LogAspect                   :41   [32m                  [0;39m 请求地址: http://localhost:8880/test/list GET
2022-08-03 18:24:58.885 INFO  com.jiawa.wiki.aspect.LogAspect                   :42   [32m                  [0;39m 类名方法: com.jiawa.wiki.controller.TestController.list
2022-08-03 18:24:58.885 INFO  com.jiawa.wiki.aspect.LogAspect                   :43   [32m                  [0;39m 远程地址: 127.0.0.1
2022-08-03 18:24:58.896 INFO  com.jiawa.wiki.aspect.LogAspect                   :63   [32m                  [0;39m 请求参数: []
2022-08-03 18:24:58.904 INFO  com.zaxxer.hikari.HikariDataSource                :110  [32m                  [0;39m HikariPool-1 - Starting...
2022-08-03 18:24:59.031 INFO  com.zaxxer.hikari.HikariDataSource                :123  [32m                  [0;39m HikariPool-1 - Start completed.
2022-08-03 18:24:59.053 INFO  com.jiawa.wiki.aspect.LogAspect                   :75   [32m                  [0;39m 返回结果: [{"id":1,"name":"测试"}]
2022-08-03 18:24:59.053 INFO  com.jiawa.wiki.aspect.LogAspect                   :76   [32m                  [0;39m ------------- 结束 耗时：169 ms -------------
2022-08-03 18:24:59.071 INFO  com.jiawa.wiki.interceptor.LogInterceptor         :35   [32m                  [0;39m ------------- LogInterceptor 结束 耗时：190 ms -------------
2022-08-03 18:24:59.071 INFO  com.jiawa.wiki.filter.LogFilter                   :31   [32m                  [0;39m ------------- LogFilter 结束 耗时：194 ms -------------
2022-08-03 18:42:13.453 INFO  com.zaxxer.hikari.HikariDataSource                :350  [32m                  [0;39m HikariPool-1 - Shutdown initiated...
2022-08-03 18:42:13.463 INFO  com.zaxxer.hikari.HikariDataSource                :352  [32m                  [0;39m HikariPool-1 - Shutdown completed.
2022-08-03 18:42:13.755 INFO  com.jiawa.wiki.config.WikiApplication             :55   [32m                  [0;39m Starting WikiApplication using Java 17.0.2 on yangzihaos-MacBook-Pro.local with PID 47305 (/Users/yangzihao/IdeaProjects/wiki/target/classes started by yangzihao in /Users/yangzihao/IdeaProjects/wiki)
2022-08-03 18:42:13.755 INFO  com.jiawa.wiki.config.WikiApplication             :640  [32m                  [0;39m No active profile set, falling back to 1 default profile: "default"
2022-08-03 18:42:13.887 INFO  o.s.boot.web.embedded.tomcat.TomcatWebServer      :108  [32m                  [0;39m Tomcat initialized with port(s): 8880 (http)
2022-08-03 18:42:13.887 INFO  org.apache.coyote.http11.Http11NioProtocol        :173  [32m                  [0;39m Initializing ProtocolHandler ["http-nio-8880"]
2022-08-03 18:42:13.887 INFO  org.apache.catalina.core.StandardService          :173  [32m                  [0;39m Starting service [Tomcat]
2022-08-03 18:42:13.887 INFO  org.apache.catalina.core.StandardEngine           :173  [32m                  [0;39m Starting Servlet engine: [Apache Tomcat/9.0.62]
2022-08-03 18:42:13.891 INFO  o.a.c.core.ContainerBase.[Tomcat].[localhost].[/] :173  [32m                  [0;39m Initializing Spring embedded WebApplicationContext
2022-08-03 18:42:13.891 INFO  o.s.b.w.s.c.ServletWebServerApplicationContext    :290  [32m                  [0;39m Root WebApplicationContext: initialization completed in 133 ms
2022-08-03 18:42:14.040 INFO  o.s.b.d.autoconfigure.OptionalLiveReloadServer    :58   [32m                  [0;39m LiveReload server is running on port 35729
2022-08-03 18:42:14.044 INFO  org.apache.coyote.http11.Http11NioProtocol        :173  [32m                  [0;39m Starting ProtocolHandler ["http-nio-8880"]
2022-08-03 18:42:14.045 INFO  o.s.boot.web.embedded.tomcat.TomcatWebServer      :220  [32m                  [0;39m Tomcat started on port(s): 8880 (http) with context path ''
2022-08-03 18:42:14.047 INFO  com.jiawa.wiki.config.WikiApplication             :61   [32m                  [0;39m Started WikiApplication in 0.546 seconds (JVM running for 1097.184)
2022-08-03 18:42:14.048 INFO  o.s.b.d.a.ConditionEvaluationDeltaLoggingListener :63   [32m                  [0;39m Condition evaluation unchanged
2022-08-03 18:42:14.048 INFO  com.jiawa.wiki.config.WikiApplication             :22   [32m                  [0;39m 启动成功！！
2022-08-03 18:42:14.048 INFO  com.jiawa.wiki.config.WikiApplication             :23   [32m                  [0;39m 地址: 	http://127.0.0.1:8880
2022-08-03 18:42:16.545 INFO  com.jiawa.wiki.config.WikiApplication             :55   [32m                  [0;39m Starting WikiApplication using Java 17.0.2 on yangzihaos-MacBook-Pro.local with PID 47305 (/Users/yangzihao/IdeaProjects/wiki/target/classes started by yangzihao in /Users/yangzihao/IdeaProjects/wiki)
2022-08-03 18:42:16.545 INFO  com.jiawa.wiki.config.WikiApplication             :640  [32m                  [0;39m No active profile set, falling back to 1 default profile: "default"
2022-08-03 18:42:16.624 INFO  o.s.boot.web.embedded.tomcat.TomcatWebServer      :108  [32m                  [0;39m Tomcat initialized with port(s): 8880 (http)
2022-08-03 18:42:16.625 INFO  org.apache.coyote.http11.Http11NioProtocol        :173  [32m                  [0;39m Initializing ProtocolHandler ["http-nio-8880"]
2022-08-03 18:42:16.625 INFO  org.apache.catalina.core.StandardService          :173  [32m                  [0;39m Starting service [Tomcat]
2022-08-03 18:42:16.625 INFO  org.apache.catalina.core.StandardEngine           :173  [32m                  [0;39m Starting Servlet engine: [Apache Tomcat/9.0.62]
2022-08-03 18:42:16.628 INFO  o.a.c.core.ContainerBase.[Tomcat].[localhost].[/] :173  [32m                  [0;39m Initializing Spring embedded WebApplicationContext
2022-08-03 18:42:16.628 INFO  o.s.b.w.s.c.ServletWebServerApplicationContext    :290  [32m                  [0;39m Root WebApplicationContext: initialization completed in 81 ms
2022-08-03 18:42:16.760 INFO  o.s.b.d.autoconfigure.OptionalLiveReloadServer    :58   [32m                  [0;39m LiveReload server is running on port 35729
2022-08-03 18:42:16.764 INFO  org.apache.coyote.http11.Http11NioProtocol        :173  [32m                  [0;39m Starting ProtocolHandler ["http-nio-8880"]
2022-08-03 18:42:16.765 INFO  o.s.boot.web.embedded.tomcat.TomcatWebServer      :220  [32m                  [0;39m Tomcat started on port(s): 8880 (http) with context path ''
2022-08-03 18:42:16.767 INFO  com.jiawa.wiki.config.WikiApplication             :61   [32m                  [0;39m Started WikiApplication in 0.235 seconds (JVM running for 1099.904)
2022-08-03 18:42:16.767 INFO  o.s.b.d.a.ConditionEvaluationDeltaLoggingListener :63   [32m                  [0;39m Condition evaluation unchanged
2022-08-03 18:42:16.767 INFO  com.jiawa.wiki.config.WikiApplication             :22   [32m                  [0;39m 启动成功！！
2022-08-03 18:42:16.767 INFO  com.jiawa.wiki.config.WikiApplication             :23   [32m                  [0;39m 地址: 	http://127.0.0.1:8880
2022-08-03 18:43:06.760 INFO  com.jiawa.wiki.config.WikiApplication             :55   [32m                  [0;39m Starting WikiApplication using Java 17.0.2 on yangzihaos-MacBook-Pro.local with PID 47305 (/Users/yangzihao/IdeaProjects/wiki/target/classes started by yangzihao in /Users/yangzihao/IdeaProjects/wiki)
2022-08-03 18:43:06.760 INFO  com.jiawa.wiki.config.WikiApplication             :640  [32m                  [0;39m No active profile set, falling back to 1 default profile: "default"
2022-08-03 18:43:06.848 INFO  o.s.boot.web.embedded.tomcat.TomcatWebServer      :108  [32m                  [0;39m Tomcat initialized with port(s): 8880 (http)
2022-08-03 18:43:06.848 INFO  org.apache.coyote.http11.Http11NioProtocol        :173  [32m                  [0;39m Initializing ProtocolHandler ["http-nio-8880"]
2022-08-03 18:43:06.848 INFO  org.apache.catalina.core.StandardService          :173  [32m                  [0;39m Starting service [Tomcat]
2022-08-03 18:43:06.848 INFO  org.apache.catalina.core.StandardEngine           :173  [32m                  [0;39m Starting Servlet engine: [Apache Tomcat/9.0.62]
2022-08-03 18:43:06.851 INFO  o.a.c.core.ContainerBase.[Tomcat].[localhost].[/] :173  [32m                  [0;39m Initializing Spring embedded WebApplicationContext
2022-08-03 18:43:06.851 INFO  o.s.b.w.s.c.ServletWebServerApplicationContext    :290  [32m                  [0;39m Root WebApplicationContext: initialization completed in 89 ms
2022-08-03 18:43:06.983 INFO  o.s.b.d.autoconfigure.OptionalLiveReloadServer    :58   [32m                  [0;39m LiveReload server is running on port 35729
2022-08-03 18:43:06.986 INFO  org.apache.coyote.http11.Http11NioProtocol        :173  [32m                  [0;39m Starting ProtocolHandler ["http-nio-8880"]
2022-08-03 18:43:06.987 INFO  o.s.boot.web.embedded.tomcat.TomcatWebServer      :220  [32m                  [0;39m Tomcat started on port(s): 8880 (http) with context path ''
2022-08-03 18:43:06.989 INFO  com.jiawa.wiki.config.WikiApplication             :61   [32m                  [0;39m Started WikiApplication in 0.249 seconds (JVM running for 1150.125)
2022-08-03 18:43:06.989 INFO  o.s.b.d.a.ConditionEvaluationDeltaLoggingListener :63   [32m                  [0;39m Condition evaluation unchanged
2022-08-03 18:43:06.990 INFO  com.jiawa.wiki.config.WikiApplication             :22   [32m                  [0;39m 启动成功！！
2022-08-03 18:43:06.990 INFO  com.jiawa.wiki.config.WikiApplication             :23   [32m                  [0;39m 地址: 	http://127.0.0.1:8880
