2022-07-30 00:09:16.751 INFO  com.jiawa.wiki.config.WikiApplication             :55   [32m                  [0;39m Starting WikiApplication using Java 17.0.2 on yangzihaos-MacBook-Pro.local with PID 38354 (/Users/yangzihao/IdeaProjects/wiki/target/classes started by yangzihao in /Users/yangzihao/IdeaProjects/wiki)
2022-07-30 00:09:16.752 INFO  com.jiawa.wiki.config.WikiApplication             :640  [32m                  [0;39m No active profile set, falling back to 1 default profile: "default"
2022-07-30 00:09:16.776 INFO  o.s.b.d.env.DevToolsPropertyDefaultsPostProcessor :255  [32m                  [0;39m Devtools property defaults active! Set 'spring.devtools.add-properties' to 'false' to disable
2022-07-30 00:09:16.776 INFO  o.s.b.d.env.DevToolsPropertyDefaultsPostProcessor :255  [32m                  [0;39m For additional web related logging consider setting the 'logging.level.web' property to 'DEBUG'
2022-07-30 00:09:17.154 INFO  o.s.boot.web.embedded.tomcat.TomcatWebServer      :108  [32m                  [0;39m Tomcat initialized with port(s): 8880 (http)
2022-07-30 00:09:17.158 INFO  org.apache.coyote.http11.Http11NioProtocol        :173  [32m                  [0;39m Initializing ProtocolHandler ["http-nio-8880"]
2022-07-30 00:09:17.158 INFO  org.apache.catalina.core.StandardService          :173  [32m                  [0;39m Starting service [Tomcat]
2022-07-30 00:09:17.158 INFO  org.apache.catalina.core.StandardEngine           :173  [32m                  [0;39m Starting Servlet engine: [Apache Tomcat/9.0.62]
2022-07-30 00:09:17.176 INFO  o.a.c.core.ContainerBase.[Tomcat].[localhost].[/] :173  [32m                  [0;39m Initializing Spring embedded WebApplicationContext
2022-07-30 00:09:17.176 INFO  o.s.b.w.s.c.ServletWebServerApplicationContext    :290  [32m                  [0;39m Root WebApplicationContext: initialization completed in 400 ms
2022-07-30 00:09:17.398 INFO  o.s.b.d.autoconfigure.OptionalLiveReloadServer    :58   [32m                  [0;39m LiveReload server is running on port 35729
2022-07-30 00:09:17.404 INFO  org.apache.coyote.http11.Http11NioProtocol        :173  [32m                  [0;39m Starting ProtocolHandler ["http-nio-8880"]
2022-07-30 00:09:17.411 INFO  o.s.boot.web.embedded.tomcat.TomcatWebServer      :220  [32m                  [0;39m Tomcat started on port(s): 8880 (http) with context path ''
2022-07-30 00:09:17.417 INFO  com.jiawa.wiki.config.WikiApplication             :61   [32m                  [0;39m Started WikiApplication in 1.055 seconds (JVM running for 1.213)
2022-07-30 00:09:17.418 INFO  com.jiawa.wiki.config.WikiApplication             :22   [32m                  [0;39m 启动成功！！
2022-07-30 00:09:17.418 INFO  com.jiawa.wiki.config.WikiApplication             :23   [32m                  [0;39m 地址: 	http://127.0.0.1:8880
2022-07-30 00:10:11.342 INFO  com.jiawa.wiki.config.WikiApplication             :55   [32m                  [0;39m Starting WikiApplication using Java 17.0.2 on yangzihaos-MacBook-Pro.local with PID 38354 (/Users/yangzihao/IdeaProjects/wiki/target/classes started by yangzihao in /Users/yangzihao/IdeaProjects/wiki)
2022-07-30 00:10:11.342 INFO  com.jiawa.wiki.config.WikiApplication             :640  [32m                  [0;39m No active profile set, falling back to 1 default profile: "default"
2022-07-30 00:10:11.420 INFO  o.s.boot.web.embedded.tomcat.TomcatWebServer      :108  [32m                  [0;39m Tomcat initialized with port(s): 8880 (http)
2022-07-30 00:10:11.421 INFO  org.apache.catalina.core.StandardService          :173  [32m                  [0;39m Starting service [Tomcat]
2022-07-30 00:10:11.421 INFO  org.apache.catalina.core.StandardEngine           :173  [32m                  [0;39m Starting Servlet engine: [Apache Tomcat/9.0.62]
2022-07-30 00:10:11.424 INFO  o.a.c.c.ContainerBase.[Tomcat-1].[localhost].[/]  :173  [32m                  [0;39m Initializing Spring embedded WebApplicationContext
2022-07-30 00:10:11.424 INFO  o.s.b.w.s.c.ServletWebServerApplicationContext    :290  [32m                  [0;39m Root WebApplicationContext: initialization completed in 81 ms
2022-07-30 00:10:11.498 INFO  o.s.b.d.autoconfigure.OptionalLiveReloadServer    :58   [32m                  [0;39m LiveReload server is running on port 35729
2022-07-30 00:10:11.501 INFO  o.s.boot.web.embedded.tomcat.TomcatWebServer      :220  [32m                  [0;39m Tomcat started on port(s): 8880 (http) with context path ''
2022-07-30 00:10:11.505 INFO  com.jiawa.wiki.config.WikiApplication             :61   [32m                  [0;39m Started WikiApplication in 0.177 seconds (JVM running for 55.302)
2022-07-30 00:10:11.506 INFO  o.s.b.d.a.ConditionEvaluationDeltaLoggingListener :63   [32m                  [0;39m Condition evaluation unchanged
2022-07-30 00:10:11.506 INFO  com.jiawa.wiki.config.WikiApplication             :22   [32m                  [0;39m 启动成功！！
2022-07-30 00:10:11.506 INFO  com.jiawa.wiki.config.WikiApplication             :23   [32m                  [0;39m 地址: 	http://127.0.0.1:8880
2022-07-30 00:10:18.428 INFO  com.jiawa.wiki.config.WikiApplication             :55   [32m                  [0;39m Starting WikiApplication using Java 17.0.2 on yangzihaos-MacBook-Pro.local with PID 38964 (/Users/yangzihao/IdeaProjects/wiki/target/classes started by yangzihao in /Users/yangzihao/IdeaProjects/wiki)
2022-07-30 00:10:18.429 INFO  com.jiawa.wiki.config.WikiApplication             :640  [32m                  [0;39m No active profile set, falling back to 1 default profile: "default"
2022-07-30 00:10:18.452 INFO  o.s.b.d.env.DevToolsPropertyDefaultsPostProcessor :255  [32m                  [0;39m Devtools property defaults active! Set 'spring.devtools.add-properties' to 'false' to disable
2022-07-30 00:10:18.452 INFO  o.s.b.d.env.DevToolsPropertyDefaultsPostProcessor :255  [32m                  [0;39m For additional web related logging consider setting the 'logging.level.web' property to 'DEBUG'
2022-07-30 00:10:18.817 INFO  o.s.boot.web.embedded.tomcat.TomcatWebServer      :108  [32m                  [0;39m Tomcat initialized with port(s): 8880 (http)
2022-07-30 00:10:18.820 INFO  org.apache.coyote.http11.Http11NioProtocol        :173  [32m                  [0;39m Initializing ProtocolHandler ["http-nio-8880"]
2022-07-30 00:10:18.821 INFO  org.apache.catalina.core.StandardService          :173  [32m                  [0;39m Starting service [Tomcat]
2022-07-30 00:10:18.821 INFO  org.apache.catalina.core.StandardEngine           :173  [32m                  [0;39m Starting Servlet engine: [Apache Tomcat/9.0.62]
2022-07-30 00:10:18.840 INFO  o.a.c.core.ContainerBase.[Tomcat].[localhost].[/] :173  [32m                  [0;39m Initializing Spring embedded WebApplicationContext
2022-07-30 00:10:18.840 INFO  o.s.b.w.s.c.ServletWebServerApplicationContext    :290  [32m                  [0;39m Root WebApplicationContext: initialization completed in 388 ms
2022-07-30 00:10:19.086 INFO  o.s.b.d.autoconfigure.OptionalLiveReloadServer    :58   [32m                  [0;39m LiveReload server is running on port 35729
2022-07-30 00:10:19.091 INFO  org.apache.coyote.http11.Http11NioProtocol        :173  [32m                  [0;39m Starting ProtocolHandler ["http-nio-8880"]
2022-07-30 00:10:19.098 INFO  o.s.boot.web.embedded.tomcat.TomcatWebServer      :220  [32m                  [0;39m Tomcat started on port(s): 8880 (http) with context path ''
2022-07-30 00:10:19.103 INFO  com.jiawa.wiki.config.WikiApplication             :61   [32m                  [0;39m Started WikiApplication in 0.831 seconds (JVM running for 0.986)
2022-07-30 00:10:19.104 INFO  com.jiawa.wiki.config.WikiApplication             :22   [32m                  [0;39m 启动成功！！
2022-07-30 00:10:19.105 INFO  com.jiawa.wiki.config.WikiApplication             :23   [32m                  [0;39m 地址: 	http://127.0.0.1:8880
2022-07-30 00:11:27.695 INFO  o.a.c.core.ContainerBase.[Tomcat].[localhost].[/] :173  [32m                  [0;39m Initializing Spring DispatcherServlet 'dispatcherServlet'
2022-07-30 00:11:27.695 INFO  org.springframework.web.servlet.DispatcherServlet :525  [32m                  [0;39m Initializing Servlet 'dispatcherServlet'
2022-07-30 00:11:27.696 INFO  org.springframework.web.servlet.DispatcherServlet :547  [32m                  [0;39m Completed initialization in 1 ms
2022-07-30 00:11:27.724 INFO  com.zaxxer.hikari.HikariDataSource                :110  [32m                  [0;39m HikariPool-1 - Starting...
2022-07-30 00:11:27.851 INFO  com.zaxxer.hikari.HikariDataSource                :123  [32m                  [0;39m HikariPool-1 - Start completed.
2022-07-30 01:41:00.155 WARN  com.zaxxer.hikari.pool.HikariPool                 :788  [32m                  [0;39m HikariPool-1 - Thread starvation or clock leap detected (housekeeper delta=13m58s887ms).
2022-07-30 01:42:58.681 WARN  com.zaxxer.hikari.pool.HikariPool                 :788  [32m                  [0;39m HikariPool-1 - Thread starvation or clock leap detected (housekeeper delta=58s487ms).
2022-07-30 01:59:55.613 WARN  com.zaxxer.hikari.pool.HikariPool                 :788  [32m                  [0;39m HikariPool-1 - Thread starvation or clock leap detected (housekeeper delta=16m26s918ms).
2022-07-30 03:00:41.360 WARN  com.zaxxer.hikari.pool.HikariPool                 :788  [32m                  [0;39m HikariPool-1 - Thread starvation or clock leap detected (housekeeper delta=15m44s999ms).
2022-07-30 03:16:58.534 WARN  com.zaxxer.hikari.pool.HikariPool                 :788  [32m                  [0;39m HikariPool-1 - Thread starvation or clock leap detected (housekeeper delta=15m47s167ms).
2022-07-30 03:35:34.423 WARN  com.zaxxer.hikari.pool.HikariPool                 :788  [32m                  [0;39m HikariPool-1 - Thread starvation or clock leap detected (housekeeper delta=18m5s887ms).
2022-07-30 03:53:55.484 WARN  com.zaxxer.hikari.pool.HikariPool                 :788  [32m                  [0;39m HikariPool-1 - Thread starvation or clock leap detected (housekeeper delta=17m51s79ms).
2022-07-30 04:13:36.815 WARN  com.zaxxer.hikari.pool.HikariPool                 :788  [32m                  [0;39m HikariPool-1 - Thread starvation or clock leap detected (housekeeper delta=17m11s290ms).
2022-07-30 04:32:26.573 WARN  com.zaxxer.hikari.pool.HikariPool                 :788  [32m                  [0;39m HikariPool-1 - Thread starvation or clock leap detected (housekeeper delta=17m49s746ms).
2022-07-30 04:50:29.423 WARN  com.zaxxer.hikari.pool.HikariPool                 :788  [32m                  [0;39m HikariPool-1 - Thread starvation or clock leap detected (housekeeper delta=17m32s843ms).
2022-07-30 05:06:58.399 WARN  com.zaxxer.hikari.pool.HikariPool                 :788  [32m                  [0;39m HikariPool-1 - Thread starvation or clock leap detected (housekeeper delta=15m58s984ms).
2022-07-30 05:26:05.326 WARN  com.zaxxer.hikari.pool.HikariPool                 :788  [32m                  [0;39m HikariPool-1 - Thread starvation or clock leap detected (housekeeper delta=18m6s917ms).
2022-07-30 05:42:53.241 WARN  com.zaxxer.hikari.pool.HikariPool                 :788  [32m                  [0;39m HikariPool-1 - Thread starvation or clock leap detected (housekeeper delta=16m17s906ms).
2022-07-30 05:59:04.504 WARN  com.zaxxer.hikari.pool.HikariPool                 :788  [32m                  [0;39m HikariPool-1 - Thread starvation or clock leap detected (housekeeper delta=16m11s263ms).
2022-07-30 06:16:02.306 WARN  com.zaxxer.hikari.pool.HikariPool                 :788  [32m                  [0;39m HikariPool-1 - Thread starvation or clock leap detected (housekeeper delta=15m57s785ms).
2022-07-30 06:33:32.606 WARN  com.zaxxer.hikari.pool.HikariPool                 :788  [32m                  [0;39m HikariPool-1 - Thread starvation or clock leap detected (housekeeper delta=17m30s301ms).
2022-07-30 06:50:47.677 WARN  com.zaxxer.hikari.pool.HikariPool                 :788  [32m                  [0;39m HikariPool-1 - Thread starvation or clock leap detected (housekeeper delta=16m45s60ms).
2022-07-30 07:06:59.982 WARN  com.zaxxer.hikari.pool.HikariPool                 :788  [32m                  [0;39m HikariPool-1 - Thread starvation or clock leap detected (housekeeper delta=15m42s314ms).
2022-07-30 07:22:28.276 WARN  com.zaxxer.hikari.pool.HikariPool                 :788  [32m                  [0;39m HikariPool-1 - Thread starvation or clock leap detected (housekeeper delta=15m28s294ms).
2022-07-30 07:40:27.513 WARN  com.zaxxer.hikari.pool.HikariPool                 :788  [32m                  [0;39m HikariPool-1 - Thread starvation or clock leap detected (housekeeper delta=17m29s242ms).
2022-07-30 07:57:25.318 WARN  com.zaxxer.hikari.pool.HikariPool                 :788  [32m                  [0;39m HikariPool-1 - Thread starvation or clock leap detected (housekeeper delta=16m27s806ms).
2022-07-30 08:13:31.503 WARN  com.zaxxer.hikari.pool.HikariPool                 :788  [32m                  [0;39m HikariPool-1 - Thread starvation or clock leap detected (housekeeper delta=15m36s192ms).
2022-07-30 08:20:24.779 WARN  com.zaxxer.hikari.pool.HikariPool                 :788  [32m                  [0;39m HikariPool-1 - Thread starvation or clock leap detected (housekeeper delta=6m23s264ms).
2022-07-30 08:37:07.613 WARN  com.zaxxer.hikari.pool.HikariPool                 :788  [32m                  [0;39m HikariPool-1 - Thread starvation or clock leap detected (housekeeper delta=16m12s842ms).
2022-07-30 08:53:28.900 WARN  com.zaxxer.hikari.pool.HikariPool                 :788  [32m                  [0;39m HikariPool-1 - Thread starvation or clock leap detected (housekeeper delta=15m51s269ms).
2022-07-30 09:10:15.101 WARN  com.zaxxer.hikari.pool.HikariPool                 :788  [32m                  [0;39m HikariPool-1 - Thread starvation or clock leap detected (housekeeper delta=16m46s201ms).
2022-07-30 09:27:59.035 WARN  com.zaxxer.hikari.pool.HikariPool                 :788  [32m                  [0;39m HikariPool-1 - Thread starvation or clock leap detected (housekeeper delta=16m43s943ms).
2022-07-30 09:44:00.108 WARN  com.zaxxer.hikari.pool.HikariPool                 :788  [32m                  [0;39m HikariPool-1 - Thread starvation or clock leap detected (housekeeper delta=15m31s58ms).
2022-07-30 10:02:10.389 WARN  com.zaxxer.hikari.pool.HikariPool                 :788  [32m                  [0;39m HikariPool-1 - Thread starvation or clock leap detected (housekeeper delta=18m10s281ms).
2022-07-30 10:19:06.569 WARN  com.zaxxer.hikari.pool.HikariPool                 :788  [32m                  [0;39m HikariPool-1 - Thread starvation or clock leap detected (housekeeper delta=16m26s184ms).
2022-07-30 10:35:03.808 WARN  com.zaxxer.hikari.pool.HikariPool                 :788  [32m                  [0;39m HikariPool-1 - Thread starvation or clock leap detected (housekeeper delta=15m57s239ms).
2022-07-30 10:51:38.003 WARN  com.zaxxer.hikari.pool.HikariPool                 :788  [32m                  [0;39m HikariPool-1 - Thread starvation or clock leap detected (housekeeper delta=16m4s170ms).
2022-07-30 11:09:23.204 WARN  com.zaxxer.hikari.pool.HikariPool                 :788  [32m                  [0;39m HikariPool-1 - Thread starvation or clock leap detected (housekeeper delta=17m15s193ms).
2022-07-30 11:27:54.101 WARN  com.zaxxer.hikari.pool.HikariPool                 :788  [32m                  [0;39m HikariPool-1 - Thread starvation or clock leap detected (housekeeper delta=18m883ms).
2022-07-30 11:45:20.221 WARN  com.zaxxer.hikari.pool.HikariPool                 :788  [32m                  [0;39m HikariPool-1 - Thread starvation or clock leap detected (housekeeper delta=16m56s99ms).
2022-07-30 12:01:53.923 WARN  com.zaxxer.hikari.pool.HikariPool                 :788  [32m                  [0;39m HikariPool-1 - Thread starvation or clock leap detected (housekeeper delta=16m3s707ms).
2022-07-30 12:18:32.287 WARN  com.zaxxer.hikari.pool.HikariPool                 :788  [32m                  [0;39m HikariPool-1 - Thread starvation or clock leap detected (housekeeper delta=16m8s355ms).
2022-07-30 12:21:00.770 WARN  com.zaxxer.hikari.pool.HikariPool                 :788  [32m                  [0;39m HikariPool-1 - Thread starvation or clock leap detected (housekeeper delta=58s462ms).
2022-07-30 12:37:37.307 WARN  com.zaxxer.hikari.pool.HikariPool                 :788  [32m                  [0;39m HikariPool-1 - Thread starvation or clock leap detected (housekeeper delta=16m36s537ms).
2022-07-30 12:54:28.252 WARN  com.zaxxer.hikari.pool.HikariPool                 :788  [32m                  [0;39m HikariPool-1 - Thread starvation or clock leap detected (housekeeper delta=16m20s899ms).
2022-07-30 13:12:27.232 WARN  com.zaxxer.hikari.pool.HikariPool                 :788  [32m                  [0;39m HikariPool-1 - Thread starvation or clock leap detected (housekeeper delta=16m58s929ms).
2022-07-30 13:31:01.905 WARN  com.zaxxer.hikari.pool.HikariPool                 :788  [32m                  [0;39m HikariPool-1 - Thread starvation or clock leap detected (housekeeper delta=18m4s663ms).
2022-07-30 13:49:18.981 WARN  com.zaxxer.hikari.pool.HikariPool                 :788  [32m                  [0;39m HikariPool-1 - Thread starvation or clock leap detected (housekeeper delta=17m47s67ms).
2022-07-30 14:05:23.288 WARN  com.zaxxer.hikari.pool.HikariPool                 :788  [32m                  [0;39m HikariPool-1 - Thread starvation or clock leap detected (housekeeper delta=16m4s307ms).
2022-07-30 14:23:30.641 WARN  com.zaxxer.hikari.pool.HikariPool                 :788  [32m                  [0;39m HikariPool-1 - Thread starvation or clock leap detected (housekeeper delta=17m37s279ms).
2022-07-30 14:29:09.452 WARN  com.zaxxer.hikari.pool.HikariPool                 :788  [32m                  [0;39m HikariPool-1 - Thread starvation or clock leap detected (housekeeper delta=5m8s793ms).
2022-07-30 15:03:18.386 WARN  com.zaxxer.hikari.pool.HikariPool                 :788  [32m                  [0;39m HikariPool-1 - Thread starvation or clock leap detected (housekeeper delta=8m6s154ms).
2022-07-30 16:01:14.196 WARN  com.zaxxer.hikari.pool.HikariPool                 :788  [32m                  [0;39m HikariPool-1 - Thread starvation or clock leap detected (housekeeper delta=15m52s874ms).
2022-07-30 16:18:54.973 WARN  com.zaxxer.hikari.pool.HikariPool                 :788  [32m                  [0;39m HikariPool-1 - Thread starvation or clock leap detected (housekeeper delta=17m10s780ms).
2022-07-30 16:37:36.113 WARN  com.zaxxer.hikari.pool.HikariPool                 :788  [32m                  [0;39m HikariPool-1 - Thread starvation or clock leap detected (housekeeper delta=18m11s130ms).
2022-07-30 16:54:36.385 WARN  com.zaxxer.hikari.pool.HikariPool                 :788  [32m                  [0;39m HikariPool-1 - Thread starvation or clock leap detected (housekeeper delta=16m30s264ms).
2022-07-30 17:09:41.384 WARN  com.zaxxer.hikari.pool.HikariPool                 :788  [32m                  [0;39m HikariPool-1 - Thread starvation or clock leap detected (housekeeper delta=14m4s971ms).
2022-07-30 18:48:10.713 WARN  com.zaxxer.hikari.pool.HikariPool                 :788  [32m                  [0;39m HikariPool-1 - Thread starvation or clock leap detected (housekeeper delta=58s485ms).
2022-07-30 19:04:47.769 WARN  com.zaxxer.hikari.pool.HikariPool                 :788  [32m                  [0;39m HikariPool-1 - Thread starvation or clock leap detected (housekeeper delta=16m7s44ms).
2022-07-30 19:21:57.065 WARN  com.zaxxer.hikari.pool.HikariPool                 :788  [32m                  [0;39m HikariPool-1 - Thread starvation or clock leap detected (housekeeper delta=17m9s296ms).
2022-07-30 19:25:48.548 WARN  com.zaxxer.hikari.pool.HikariPool                 :788  [32m                  [0;39m HikariPool-1 - Thread starvation or clock leap detected (housekeeper delta=2m51s463ms).
2022-07-30 19:30:02.718 WARN  com.zaxxer.hikari.pool.HikariPool                 :788  [32m                  [0;39m HikariPool-1 - Thread starvation or clock leap detected (housekeeper delta=1m41s124ms).
2022-07-30 19:32:01.148 WARN  com.zaxxer.hikari.pool.HikariPool                 :788  [32m                  [0;39m HikariPool-1 - Thread starvation or clock leap detected (housekeeper delta=58s414ms).
2022-07-30 19:41:05.274 WARN  com.zaxxer.hikari.pool.HikariPool                 :788  [32m                  [0;39m HikariPool-1 - Thread starvation or clock leap detected (housekeeper delta=8m34s129ms).
2022-07-30 19:43:33.685 WARN  com.zaxxer.hikari.pool.HikariPool                 :788  [32m                  [0;39m HikariPool-1 - Thread starvation or clock leap detected (housekeeper delta=58s406ms).
2022-07-30 19:46:32.398 WARN  com.zaxxer.hikari.pool.HikariPool                 :788  [32m                  [0;39m HikariPool-1 - Thread starvation or clock leap detected (housekeeper delta=58s344ms).
2022-07-30 19:51:12.553 WARN  com.zaxxer.hikari.pool.HikariPool                 :788  [32m                  [0;39m HikariPool-1 - Thread starvation or clock leap detected (housekeeper delta=4m10s172ms).
2022-07-30 19:52:40.992 WARN  com.zaxxer.hikari.pool.HikariPool                 :788  [32m                  [0;39m HikariPool-1 - Thread starvation or clock leap detected (housekeeper delta=58s430ms).
2022-07-30 19:54:47.037 WARN  com.zaxxer.hikari.pool.HikariPool                 :788  [32m                  [0;39m HikariPool-1 - Thread starvation or clock leap detected (housekeeper delta=1m36s46ms).
2022-07-30 19:57:15.514 WARN  com.zaxxer.hikari.pool.HikariPool                 :788  [32m                  [0;39m HikariPool-1 - Thread starvation or clock leap detected (housekeeper delta=58s475ms).
2022-07-30 19:58:15.660 WARN  com.zaxxer.hikari.pool.HikariPool                 :788  [32m                  [0;39m HikariPool-1 - Thread starvation or clock leap detected (housekeeper delta=1m146ms).
2022-07-30 20:38:46.902 INFO  com.zaxxer.hikari.HikariDataSource                :350  [32m                  [0;39m HikariPool-1 - Shutdown initiated...
2022-07-30 20:38:46.906 INFO  com.zaxxer.hikari.HikariDataSource                :352  [32m                  [0;39m HikariPool-1 - Shutdown completed.
