2022-07-31 16:34:25.571 INFO  com.jiawa.wiki.config.WikiApplication             :55   [32m                  [0;39m Starting WikiApplication using Java 17.0.2 on yangzihaos-MacBook-Pro.local with PID 18683 (/Users/yangzihao/IdeaProjects/wiki/target/classes started by yangzihao in /Users/yangzihao/IdeaProjects/wiki)
2022-07-31 16:34:25.572 INFO  com.jiawa.wiki.config.WikiApplication             :640  [32m                  [0;39m No active profile set, falling back to 1 default profile: "default"
2022-07-31 16:34:25.595 INFO  o.s.b.d.env.DevToolsPropertyDefaultsPostProcessor :255  [32m                  [0;39m Devtools property defaults active! Set 'spring.devtools.add-properties' to 'false' to disable
2022-07-31 16:34:25.595 INFO  o.s.b.d.env.DevToolsPropertyDefaultsPostProcessor :255  [32m                  [0;39m For additional web related logging consider setting the 'logging.level.web' property to 'DEBUG'
2022-07-31 16:34:25.982 INFO  o.s.boot.web.embedded.tomcat.TomcatWebServer      :108  [32m                  [0;39m Tomcat initialized with port(s): 8880 (http)
2022-07-31 16:34:25.987 INFO  org.apache.coyote.http11.Http11NioProtocol        :173  [32m                  [0;39m Initializing ProtocolHandler ["http-nio-8880"]
2022-07-31 16:34:25.987 INFO  org.apache.catalina.core.StandardService          :173  [32m                  [0;39m Starting service [Tomcat]
2022-07-31 16:34:25.988 INFO  org.apache.catalina.core.StandardEngine           :173  [32m                  [0;39m Starting Servlet engine: [Apache Tomcat/9.0.62]
2022-07-31 16:34:26.013 INFO  o.a.c.core.ContainerBase.[Tomcat].[localhost].[/] :173  [32m                  [0;39m Initializing Spring embedded WebApplicationContext
2022-07-31 16:34:26.013 INFO  o.s.b.w.s.c.ServletWebServerApplicationContext    :290  [32m                  [0;39m Root WebApplicationContext: initialization completed in 418 ms
2022-07-31 16:34:26.291 INFO  o.s.b.d.autoconfigure.OptionalLiveReloadServer    :58   [32m                  [0;39m LiveReload server is running on port 35729
2022-07-31 16:34:26.296 INFO  org.apache.coyote.http11.Http11NioProtocol        :173  [32m                  [0;39m Starting ProtocolHandler ["http-nio-8880"]
2022-07-31 16:34:26.304 INFO  o.s.boot.web.embedded.tomcat.TomcatWebServer      :220  [32m                  [0;39m Tomcat started on port(s): 8880 (http) with context path ''
2022-07-31 16:34:26.309 INFO  com.jiawa.wiki.config.WikiApplication             :61   [32m                  [0;39m Started WikiApplication in 1.134 seconds (JVM running for 1.314)
2022-07-31 16:34:26.310 INFO  com.jiawa.wiki.config.WikiApplication             :22   [32m                  [0;39m 启动成功！！
2022-07-31 16:34:26.310 INFO  com.jiawa.wiki.config.WikiApplication             :23   [32m                  [0;39m 地址: 	http://127.0.0.1:8880
2022-07-31 16:44:21.974 INFO  com.jiawa.wiki.config.WikiApplication             :55   [32m                  [0;39m Starting WikiApplication using Java 17.0.2 on yangzihaos-MacBook-Pro.local with PID 23608 (/Users/yangzihao/IdeaProjects/wiki/target/classes started by yangzihao in /Users/yangzihao/IdeaProjects/wiki)
2022-07-31 16:44:21.975 INFO  com.jiawa.wiki.config.WikiApplication             :640  [32m                  [0;39m No active profile set, falling back to 1 default profile: "default"
2022-07-31 16:44:21.997 INFO  o.s.b.d.env.DevToolsPropertyDefaultsPostProcessor :255  [32m                  [0;39m Devtools property defaults active! Set 'spring.devtools.add-properties' to 'false' to disable
2022-07-31 16:44:21.998 INFO  o.s.b.d.env.DevToolsPropertyDefaultsPostProcessor :255  [32m                  [0;39m For additional web related logging consider setting the 'logging.level.web' property to 'DEBUG'
2022-07-31 16:44:22.350 INFO  o.s.boot.web.embedded.tomcat.TomcatWebServer      :108  [32m                  [0;39m Tomcat initialized with port(s): 8880 (http)
2022-07-31 16:44:22.353 INFO  org.apache.coyote.http11.Http11NioProtocol        :173  [32m                  [0;39m Initializing ProtocolHandler ["http-nio-8880"]
2022-07-31 16:44:22.353 INFO  org.apache.catalina.core.StandardService          :173  [32m                  [0;39m Starting service [Tomcat]
2022-07-31 16:44:22.353 INFO  org.apache.catalina.core.StandardEngine           :173  [32m                  [0;39m Starting Servlet engine: [Apache Tomcat/9.0.62]
2022-07-31 16:44:22.370 INFO  o.a.c.core.ContainerBase.[Tomcat].[localhost].[/] :173  [32m                  [0;39m Initializing Spring embedded WebApplicationContext
2022-07-31 16:44:22.370 INFO  o.s.b.w.s.c.ServletWebServerApplicationContext    :290  [32m                  [0;39m Root WebApplicationContext: initialization completed in 372 ms
2022-07-31 16:44:22.586 INFO  o.s.b.d.autoconfigure.OptionalLiveReloadServer    :58   [32m                  [0;39m LiveReload server is running on port 35729
2022-07-31 16:44:22.591 INFO  org.apache.coyote.http11.Http11NioProtocol        :173  [32m                  [0;39m Starting ProtocolHandler ["http-nio-8880"]
2022-07-31 16:44:22.597 INFO  o.s.boot.web.embedded.tomcat.TomcatWebServer      :220  [32m                  [0;39m Tomcat started on port(s): 8880 (http) with context path ''
2022-07-31 16:44:22.602 INFO  com.jiawa.wiki.config.WikiApplication             :61   [32m                  [0;39m Started WikiApplication in 1.009 seconds (JVM running for 1.148)
2022-07-31 16:44:22.603 INFO  com.jiawa.wiki.config.WikiApplication             :22   [32m                  [0;39m 启动成功！！
2022-07-31 16:44:22.603 INFO  com.jiawa.wiki.config.WikiApplication             :23   [32m                  [0;39m 地址: 	http://127.0.0.1:8880
2022-07-31 22:13:06.185 INFO  com.jiawa.wiki.config.WikiApplication             :55   [32m                  [0;39m Starting WikiApplication using Java 17.0.2 on yangzihaos-MacBook-Pro.local with PID 54748 (/Users/yangzihao/IdeaProjects/wiki/target/classes started by yangzihao in /Users/yangzihao/IdeaProjects/wiki)
2022-07-31 22:13:06.187 INFO  com.jiawa.wiki.config.WikiApplication             :640  [32m                  [0;39m No active profile set, falling back to 1 default profile: "default"
2022-07-31 22:13:06.213 INFO  o.s.b.d.env.DevToolsPropertyDefaultsPostProcessor :255  [32m                  [0;39m Devtools property defaults active! Set 'spring.devtools.add-properties' to 'false' to disable
2022-07-31 22:13:06.214 INFO  o.s.b.d.env.DevToolsPropertyDefaultsPostProcessor :255  [32m                  [0;39m For additional web related logging consider setting the 'logging.level.web' property to 'DEBUG'
2022-07-31 22:13:06.595 INFO  o.s.boot.web.embedded.tomcat.TomcatWebServer      :108  [32m                  [0;39m Tomcat initialized with port(s): 8880 (http)
2022-07-31 22:13:06.598 INFO  org.apache.coyote.http11.Http11NioProtocol        :173  [32m                  [0;39m Initializing ProtocolHandler ["http-nio-8880"]
2022-07-31 22:13:06.598 INFO  org.apache.catalina.core.StandardService          :173  [32m                  [0;39m Starting service [Tomcat]
2022-07-31 22:13:06.598 INFO  org.apache.catalina.core.StandardEngine           :173  [32m                  [0;39m Starting Servlet engine: [Apache Tomcat/9.0.62]
2022-07-31 22:13:06.616 INFO  o.a.c.core.ContainerBase.[Tomcat].[localhost].[/] :173  [32m                  [0;39m Initializing Spring embedded WebApplicationContext
2022-07-31 22:13:06.616 INFO  o.s.b.w.s.c.ServletWebServerApplicationContext    :290  [32m                  [0;39m Root WebApplicationContext: initialization completed in 402 ms
2022-07-31 22:13:06.837 INFO  o.s.b.d.autoconfigure.OptionalLiveReloadServer    :58   [32m                  [0;39m LiveReload server is running on port 35729
2022-07-31 22:13:06.842 INFO  org.apache.coyote.http11.Http11NioProtocol        :173  [32m                  [0;39m Starting ProtocolHandler ["http-nio-8880"]
2022-07-31 22:13:06.849 INFO  o.s.boot.web.embedded.tomcat.TomcatWebServer      :220  [32m                  [0;39m Tomcat started on port(s): 8880 (http) with context path ''
2022-07-31 22:13:06.854 INFO  com.jiawa.wiki.config.WikiApplication             :61   [32m                  [0;39m Started WikiApplication in 0.836 seconds (JVM running for 0.98)
2022-07-31 22:13:06.855 INFO  com.jiawa.wiki.config.WikiApplication             :22   [32m                  [0;39m 启动成功！！
2022-07-31 22:13:06.855 INFO  com.jiawa.wiki.config.WikiApplication             :23   [32m                  [0;39m 地址: 	http://127.0.0.1:8880
